<?xml version="1.0" encoding="UTF-8"?>
<testsuite name="com.app.server.service.UserAccessTestCase" tests="6" skipped="0" failures="0" errors="0" timestamp="2016-01-07T10:56:24" hostname="4752563c5d1f" time="1.538">
  <properties/>
  <testcase name="test1Save" classname="com.app.server.service.UserAccessTestCase" time="0.462"/>
  <testcase name="test2Update" classname="com.app.server.service.UserAccessTestCase" time="0.065"/>
  <testcase name="test3FindById" classname="com.app.server.service.UserAccessTestCase" time="0.004"/>
  <testcase name="test3findByregion" classname="com.app.server.service.UserAccessTestCase" time="0.005"/>
  <testcase name="test3findByuserId" classname="com.app.server.service.UserAccessTestCase" time="0.004"/>
  <testcase name="test4Delete" classname="com.app.server.service.UserAccessTestCase" time="0.995"/>
  <system-out><![CDATA[In around repository aspect
[EL Fine]: sql: 2016-01-07 10:56:24.087--ClientSession(1182590131)--Connection(321035985)--Thread(Thread[Test worker,5,main])--INSERT INTO ast_SalesRegion_M (regioncode, regionname, versionId, createdBy, createdDate, updatedBy, updatedDate, activeStatus, txnAccessCode) VALUES (?, ?, ?, ?, ?, ?, ?, ?, ?)
	bind => [0E98E8E6-054B-4ED0-A667-4E94A55A8619, hDZsEuK7ytBfq3I9mBFs4HVAu1gvjX7H2WgXQZVzzUxOpbX3Pz, 1, AAAAA, 2016-01-07 16:26:24.085, null, 2016-01-07 16:26:24.085, 1, null]
In around repository aspect
[EL Fine]: sql: 2016-01-07 10:56:24.199--ClientSession(1215794338)--Connection(321035985)--Thread(Thread[Test worker,5,main])--INSERT INTO ast_UserAccessDomain_M (userAccessDomainId, domainDescription, domainHelp, domainIcon, domainName, userAccessDomain, versionId, createdBy, createdDate, updatedBy, updatedDate, activeStatus, txnAccessCode) VALUES (?, ?, ?, ?, ?, ?, ?, ?, ?, ?, ?, ?, ?)
	bind => [FB1AE981-EA36-432F-90F2-6C441E51B565, qYcklHRHGV3JaagBo7RM5evNuVZVsd74UBcNlwXDMCKm44yGxa, elEfNUkiYalcZGcQ6E5Uf93I5Cdiz0yEc9Axhg8zdQFi3WtxYP, 80EHNjmR2coaeHtOkpDCW3KMVXdQdAQk9bfztgHHEUd4jjVP0J, 2SlhvwlGZfL7gSAYm7rrTL1N6rFSD0A01oRn5WfzwD7XXDzBw9, 85983, 1, AAAAA, 2016-01-07 16:26:24.194, null, 2016-01-07 16:26:24.194, 1, null]
In around repository aspect
[EL Fine]: sql: 2016-01-07 10:56:24.305--ClientSession(85691546)--Connection(321035985)--Thread(Thread[Test worker,5,main])--INSERT INTO ast_UserAccessLevel_M (userAccessLevelId, levelDescription, levelHelp, levelIcon, levelName, userAccessLevel, versionId, createdBy, createdDate, updatedBy, updatedDate, activeStatus, txnAccessCode) VALUES (?, ?, ?, ?, ?, ?, ?, ?, ?, ?, ?, ?, ?)
	bind => [3F81A639-2671-4C63-AB7A-049833B88F52, 4aoC6I11nZQNYZggozMhftdEE82vM1CfT2OgCb4NiSzMQGiXvo, djGgkQh7vxHvsVRxQHVuvy9DVMSAK2IsMsiVZdxpgdNEZwlXaf, Ph58dWTDW2aS47ZW03gVeumrJzpG80iOOnVXrBFptNCvV3pKcY, fMNSaWnIMjh6MpQ3fZwwTLWoNg6Y5AfhIUbQOuwaXszTkz7VPy, 4092, 1, AAAAA, 2016-01-07 16:26:24.302, null, 2016-01-07 16:26:24.302, 1, null]
In around repository aspect
[EL Fine]: sql: 2016-01-07 10:56:24.37--ClientSession(243306739)--Connection(321035985)--Thread(Thread[Test worker,5,main])--INSERT INTO ast_User_T (userId, allowMultipleLogin, changePasswordNextLogin, genTempOneTimePassword, isDeleted, isLocked, lastPasswordChangeDate, multiFactorAuthEnabled, passwordAlgo, passwordExpiryDate, sessionTimeout, userAccessCode, userAccessDomainId, userAccessLevelId, versionId, createdBy, createdDate, updatedBy, updatedDate, activeStatus, txnAccessCode) VALUES (?, ?, ?, ?, ?, ?, ?, ?, ?, ?, ?, ?, ?, ?, ?, ?, ?, ?, ?, ?, ?)
	bind => [92DDA23C-2282-4ACC-8396-3EEE4F84DC4C, 1, 0, 0, 1, 1, 1970-01-02 15:47:36.789, 1, Aa0Z6QlRaMdohHcEFDRIfqrgv3e0kxD6g8fxPQuHaBo2t9uSf2, 1970-01-02 15:47:36.789, 1203, 10, FB1AE981-EA36-432F-90F2-6C441E51B565, 3F81A639-2671-4C63-AB7A-049833B88F52, 1, AAAAA, 2016-01-07 16:26:24.194, null, 2016-01-07 16:26:24.194, 1, null]
Setting logged in user info for ADD
In around repository aspect
[EL Fine]: sql: 2016-01-07 10:56:24.422--ClientSession(2021876462)--Connection(321035985)--Thread(Thread[Test worker,5,main])--INSERT INTO ast_UserAccess_M (region, userId, versionId, createdBy, createdDate, updatedBy, updatedDate, activeStatus, txnAccessCode) VALUES (?, ?, ?, ?, ?, ?, ?, ?, ?)
	bind => [0E98E8E6-054B-4ED0-A667-4E94A55A8619, 92DDA23C-2282-4ACC-8396-3EEE4F84DC4C, 1, AAAAA, 2016-01-07 16:26:24.402, null, 2016-01-07 16:26:24.402, 1, null]
[EL Fine]: sql: 2016-01-07 10:56:24.423--ClientSession(2021876462)--Connection(321035985)--Thread(Thread[Test worker,5,main])--SELECT LAST_INSERT_ID()
In around repository aspect
[EL Fine]: sql: 2016-01-07 10:56:24.543--ClientSession(909962967)--Connection(321035985)--Thread(Thread[Test worker,5,main])--SELECT userAccessId, region, userId, versionId, createdBy, createdDate, updatedBy, updatedDate, activeStatus, txnAccessCode FROM ast_UserAccess_M WHERE ((activeStatus = ?) AND (userAccessId = ?))
	bind => [1, 11]
Setting logged in user info for UPDATE
In around repository aspect
[EL Fine]: sql: 2016-01-07 10:56:24.546--ClientSession(98327553)--Connection(321035985)--Thread(Thread[Test worker,5,main])--SELECT userAccessId, region, userId, versionId, createdBy, createdDate, updatedBy, updatedDate, activeStatus, txnAccessCode FROM ast_UserAccess_M WHERE (userAccessId = ?)
	bind => [11]
[EL Fine]: sql: 2016-01-07 10:56:24.547--ClientSession(98327553)--Connection(321035985)--Thread(Thread[Test worker,5,main])--UPDATE ast_UserAccess_M SET updatedBy = ?, versionId = ? WHERE ((userAccessId = ?) AND (versionId = ?))
	bind => [AAAAA, 2, 11, 1]
In around repository aspect
[EL Fine]: sql: 2016-01-07 10:56:24.606--ClientSession(1547544186)--Connection(321035985)--Thread(Thread[Test worker,5,main])--SELECT userAccessId, region, userId, versionId, createdBy, createdDate, updatedBy, updatedDate, activeStatus, txnAccessCode FROM ast_UserAccess_M WHERE ((activeStatus = ?) AND (userAccessId = ?))
	bind => [1, 11]
In around repository aspect
[EL Fine]: sql: 2016-01-07 10:56:24.61--ClientSession(736338661)--Connection(321035985)--Thread(Thread[Test worker,5,main])--SELECT userAccessId, region, userId, versionId, createdBy, createdDate, updatedBy, updatedDate, activeStatus, txnAccessCode FROM ast_UserAccess_M WHERE ((activeStatus = ?) AND (region = ?))
	bind => [1, 0E98E8E6-054B-4ED0-A667-4E94A55A8619]
In around repository aspect
[EL Fine]: sql: 2016-01-07 10:56:24.615--ClientSession(1205753665)--Connection(321035985)--Thread(Thread[Test worker,5,main])--SELECT userAccessId, region, userId, versionId, createdBy, createdDate, updatedBy, updatedDate, activeStatus, txnAccessCode FROM ast_UserAccess_M WHERE ((activeStatus = ?) AND (userId = ?))
	bind => [1, 92DDA23C-2282-4ACC-8396-3EEE4F84DC4C]
In around repository aspect
[EL Fine]: sql: 2016-01-07 10:56:24.62--ClientSession(1208986563)--Connection(321035985)--Thread(Thread[Test worker,5,main])--SELECT userAccessId, region, userId, versionId, createdBy, createdDate, updatedBy, updatedDate, activeStatus, txnAccessCode FROM ast_UserAccess_M WHERE (userAccessId = ?)
	bind => [11]
[EL Fine]: sql: 2016-01-07 10:56:24.621--ClientSession(1208986563)--Connection(321035985)--Thread(Thread[Test worker,5,main])--DELETE FROM ast_UserAccess_M WHERE ((userAccessId = ?) AND (versionId = ?))
	bind => [11, 2]
In around repository aspect
[EL Fine]: sql: 2016-01-07 10:56:24.695--ClientSession(176634247)--Connection(321035985)--Thread(Thread[Test worker,5,main])--SELECT userId, allowMultipleLogin, changePasswordNextLogin, genTempOneTimePassword, isDeleted, isLocked, lastPasswordChangeDate, multiFactorAuthEnabled, passwordAlgo, passwordExpiryDate, sessionTimeout, userAccessCode, userAccessDomainId, userAccessLevelId, versionId, createdBy, createdDate, updatedBy, updatedDate, activeStatus, txnAccessCode FROM ast_User_T WHERE (userId = ?)
	bind => [92DDA23C-2282-4ACC-8396-3EEE4F84DC4C]
[EL Fine]: sql: 2016-01-07 10:56:24.695--ClientSession(176634247)--Connection(321035985)--Thread(Thread[Test worker,5,main])--SELECT passRecoveryId, answer, questionId, versionId, createdBy, createdDate, updatedBy, updatedDate, activeStatus, txnAccessCode, userId FROM ast_PassRecovery_TP WHERE (userId = ?)
	bind => [92DDA23C-2282-4ACC-8396-3EEE4F84DC4C]
[EL Fine]: sql: 2016-01-07 10:56:24.696--ClientSession(176634247)--Connection(321035985)--Thread(Thread[Test worker,5,main])--SELECT userDataId, last5Passwords, oneTimePassword, oneTimePasswordExpiry, oneTimePasswordGenDate, password, versionId, createdBy, createdDate, updatedBy, updatedDate, activeStatus, txnAccessCode, userId FROM ast_UserData_TP WHERE (userId = ?)
	bind => [92DDA23C-2282-4ACC-8396-3EEE4F84DC4C]
[EL Fine]: sql: 2016-01-07 10:56:24.697--ClientSession(176634247)--Connection(321035985)--Thread(Thread[Test worker,5,main])--DELETE FROM ast_User_T WHERE ((userId = ?) AND (versionId = ?))
	bind => [92DDA23C-2282-4ACC-8396-3EEE4F84DC4C, 1]
In around repository aspect
[EL Fine]: sql: 2016-01-07 10:56:24.805--ClientSession(1394744504)--Connection(321035985)--Thread(Thread[Test worker,5,main])--SELECT userAccessLevelId, levelDescription, levelHelp, levelIcon, levelName, userAccessLevel, versionId, createdBy, createdDate, updatedBy, updatedDate, activeStatus, txnAccessCode FROM ast_UserAccessLevel_M WHERE (userAccessLevelId = ?)
	bind => [3F81A639-2671-4C63-AB7A-049833B88F52]
[EL Fine]: sql: 2016-01-07 10:56:24.806--ClientSession(1394744504)--Connection(321035985)--Thread(Thread[Test worker,5,main])--DELETE FROM ast_UserAccessLevel_M WHERE ((userAccessLevelId = ?) AND (versionId = ?))
	bind => [3F81A639-2671-4C63-AB7A-049833B88F52, 1]
In around repository aspect
[EL Fine]: sql: 2016-01-07 10:56:24.838--ClientSession(492630050)--Connection(321035985)--Thread(Thread[Test worker,5,main])--SELECT userAccessDomainId, domainDescription, domainHelp, domainIcon, domainName, userAccessDomain, versionId, createdBy, createdDate, updatedBy, updatedDate, activeStatus, txnAccessCode FROM ast_UserAccessDomain_M WHERE (userAccessDomainId = ?)
	bind => [FB1AE981-EA36-432F-90F2-6C441E51B565]
[EL Fine]: sql: 2016-01-07 10:56:24.839--ClientSession(492630050)--Connection(321035985)--Thread(Thread[Test worker,5,main])--DELETE FROM ast_UserAccessDomain_M WHERE ((userAccessDomainId = ?) AND (versionId = ?))
	bind => [FB1AE981-EA36-432F-90F2-6C441E51B565, 1]
In around repository aspect
[EL Fine]: sql: 2016-01-07 10:56:25.463--ClientSession(735846139)--Connection(321035985)--Thread(Thread[Test worker,5,main])--SELECT regioncode, regionname, versionId, createdBy, createdDate, updatedBy, updatedDate, activeStatus, txnAccessCode FROM ast_SalesRegion_M WHERE (regioncode = ?)
	bind => [0E98E8E6-054B-4ED0-A667-4E94A55A8619]
[EL Fine]: sql: 2016-01-07 10:56:25.464--ClientSession(735846139)--Connection(321035985)--Thread(Thread[Test worker,5,main])--DELETE FROM ast_SalesRegion_M WHERE ((regioncode = ?) AND (versionId = ?))
	bind => [0E98E8E6-054B-4ED0-A667-4E94A55A8619, 1]
]]></system-out>
  <system-err><![CDATA[]]></system-err>
</testsuite>
