<?xml version="1.0" encoding="UTF-8"?>
<testsuite name="com.app.server.service.CategoryTestCase" tests="4" skipped="0" failures="0" errors="0" timestamp="2016-01-07T10:56:15" hostname="4752563c5d1f" time="0.596">
  <properties/>
  <testcase name="test1Save" classname="com.app.server.service.CategoryTestCase" time="0.363"/>
  <testcase name="test2Update" classname="com.app.server.service.CategoryTestCase" time="0.125"/>
  <testcase name="test3FindById" classname="com.app.server.service.CategoryTestCase" time="0.006"/>
  <testcase name="test4Delete" classname="com.app.server.service.CategoryTestCase" time="0.101"/>
  <system-out><![CDATA[Setting logged in user info for ADD
In around repository aspect
[EL Fine]: sql: 2016-01-07 10:56:15.757--ClientSession(361839653)--Connection(321035985)--Thread(Thread[Test worker,5,main])--INSERT INTO ast_Category_M (categoryId, category, versionId, createdBy, createdDate, updatedBy, updatedDate, activeStatus, txnAccessCode) VALUES (?, ?, ?, ?, ?, ?, ?, ?, ?)
	bind => [5B4C7B1E-3BF2-4702-BA91-F926E28D178A, 1gBjIsWzy42BCpNzzTxPZwEIPOEe2OhggUB6aJQhxaEbrLxtb2, 1, AAAAA, 2016-01-07 16:26:15.753, null, 2016-01-07 16:26:15.753, 1, null]
In around repository aspect
[EL Fine]: sql: 2016-01-07 10:56:16.112--ClientSession(51368578)--Connection(321035985)--Thread(Thread[Test worker,5,main])--SELECT categoryId, category, versionId, createdBy, createdDate, updatedBy, updatedDate, activeStatus, txnAccessCode FROM ast_Category_M WHERE ((activeStatus = ?) AND (categoryId = ?))
	bind => [1, 5B4C7B1E-3BF2-4702-BA91-F926E28D178A]
Setting logged in user info for UPDATE
In around repository aspect
[EL Fine]: sql: 2016-01-07 10:56:16.116--ClientSession(1999698734)--Connection(321035985)--Thread(Thread[Test worker,5,main])--SELECT categoryId, category, versionId, createdBy, createdDate, updatedBy, updatedDate, activeStatus, txnAccessCode FROM ast_Category_M WHERE (categoryId = ?)
	bind => [5B4C7B1E-3BF2-4702-BA91-F926E28D178A]
[EL Fine]: sql: 2016-01-07 10:56:16.119--ClientSession(1999698734)--Connection(321035985)--Thread(Thread[Test worker,5,main])--UPDATE ast_Category_M SET category = ?, updatedBy = ?, versionId = ? WHERE ((categoryId = ?) AND (versionId = ?))
	bind => [rdIgoypYGBAqcITQ9zjdKJeh96jjMyWyyaY39KTAE6w1PJ1nVH, AAAAA, 2, 5B4C7B1E-3BF2-4702-BA91-F926E28D178A, 1]
In around repository aspect
[EL Fine]: sql: 2016-01-07 10:56:16.237--ClientSession(473579795)--Connection(321035985)--Thread(Thread[Test worker,5,main])--SELECT categoryId, category, versionId, createdBy, createdDate, updatedBy, updatedDate, activeStatus, txnAccessCode FROM ast_Category_M WHERE ((activeStatus = ?) AND (categoryId = ?))
	bind => [1, 5B4C7B1E-3BF2-4702-BA91-F926E28D178A]
In around repository aspect
[EL Fine]: sql: 2016-01-07 10:56:16.242--ClientSession(353800215)--Connection(321035985)--Thread(Thread[Test worker,5,main])--SELECT categoryId, category, versionId, createdBy, createdDate, updatedBy, updatedDate, activeStatus, txnAccessCode FROM ast_Category_M WHERE (categoryId = ?)
	bind => [5B4C7B1E-3BF2-4702-BA91-F926E28D178A]
[EL Fine]: sql: 2016-01-07 10:56:16.243--ClientSession(353800215)--Connection(321035985)--Thread(Thread[Test worker,5,main])--DELETE FROM ast_Category_M WHERE ((categoryId = ?) AND (versionId = ?))
	bind => [5B4C7B1E-3BF2-4702-BA91-F926E28D178A, 2]
]]></system-out>
  <system-err><![CDATA[]]></system-err>
</testsuite>
