<?xml version="1.0" encoding="UTF-8"?>
<testsuite name="com.app.server.service.AppMenusTestCase" tests="4" skipped="0" failures="0" errors="0" timestamp="2016-01-07T10:56:11" hostname="4752563c5d1f" time="0.556">
  <properties/>
  <testcase name="test1Save" classname="com.app.server.service.AppMenusTestCase" time="0.355"/>
  <testcase name="test2Update" classname="com.app.server.service.AppMenusTestCase" time="0.109"/>
  <testcase name="test3FindById" classname="com.app.server.service.AppMenusTestCase" time="0.009"/>
  <testcase name="test4Delete" classname="com.app.server.service.AppMenusTestCase" time="0.083"/>
  <system-out><![CDATA[Setting logged in user info for ADD
In around repository aspect
[EL Fine]: sql: 2016-01-07 10:56:11.572--ClientSession(1341105995)--Connection(321035985)--Thread(Thread[Test worker,5,main])--INSERT INTO ast_AppMenus_M (menuId, appId, appType, autoSave, menuAccessRights, menuAction, menuCommands, menuDisplay, menuHead, menuIcon, menuLabel, menuTreeId, RefObjectId, uiType, versionId, createdBy, createdDate, updatedBy, updatedDate, activeStatus, txnAccessCode) VALUES (?, ?, ?, ?, ?, ?, ?, ?, ?, ?, ?, ?, ?, ?, ?, ?, ?, ?, ?, ?, ?)
	bind => [A9C2C1A2-3893-4101-94AE-8FA1A41185AE, Lbn0YQNWmNQTH2nhzNRRBU7IoEBnHiwdnLgjm34WwiSYnYxKvv, 2, true, 0, uKf1AoNQRfAxPzpLHdFV7mf5XBY6Z23oebDExrWeykXBwljDcE, Dnc5FayCHh3lWWcgq11h1OzcosRNAPkAWA6c4bei96JnaTLJYv, true, true, IizgFjGt0R0bV0AgF3MUKSyCkVHwouhbZ00mOraWO1lTgDAOn8, qF1hfEUu9ujqRkqyKCLZCkXEBJKjV8woXCYa7j9iGDhy61yIaJ, IT173ONd3zElcgV24tR6bxLDvKcPpiOiX80yCnDrAyz5Q8ecbq, RqULoFb0jDsjkxIr07PxNzYARDUYUYifOctzRm57HjKm0X4MRx, g1O, 1, AAAAA, 2016-01-07 16:26:11.546, null, 2016-01-07 16:26:11.546, 1, null]
In around applifire repository aspect
[EL Fine]: sql: 2016-01-07 10:56:11.607--ClientSession(1396438873)--Connection(1149143094)--Thread(Thread[Search Engine Delta Index Scheduler,5,main])--SELECT report_id, active_status, advance_config_json, app_creator_id, chart_json, created_by, created_date, data_json, project_id, project_version_id, query_id, report_name, search_json, updated_by, updated_date, version_id FROM art_report_ui
searchJson>>>>>>>>>>>>>>>{"enableCharts":"on","hour":"","minute":""}
searchJson>>>>>>>>>>>>>>>{"hour":"","minute":""}
searchJson>>>>>>>>>>>>>>>{"enableCharts":"on","hour":"","minute":""}
searchJson>>>>>>>>>>>>>>>{"isSearch":"on","enableCharts":"on","isUserAccessible":"on","hour":"1","minute":"30"}
doIndex  searchJson>>>>>>>>>>>>>>>{"query_id":"4711FC0B-C143-4C54-A1C4-1D278BF2F451","report_id":"52938FED-D64C-40ED-8922-655DB6A00B7E","isUserAccessible":"on"}
[EL Fine]: sql: 2016-01-07 10:56:11.616--ClientSession(2062931767)--Connection(1149143094)--Thread(Thread[Search Engine Delta Index Scheduler,5,main])--SELECT query_id, active_status, app_creator_id, created_by, created_date, hidden_name, jpql_query, name, project_id, project_version_id, query_json, query_type, sql_query, updated_by, updated_date, user_access, version_id FROM art_query WHERE ((query_id = ?) AND (active_status = ?))
	bind => [4711FC0B-C143-4C54-A1C4-1D278BF2F451, true]
URL To Call:::http://localhost:8080/salesdemoappsolr/dataimport
searchJson>>>>>>>>>>>>>>>{"enableCharts":"on","hour":"","minute":""}
searchJson>>>>>>>>>>>>>>>{"isSearch":"on","enableCharts":"on","isUserAccessible":"on","hour":"1","minute":"30"}
doIndex  searchJson>>>>>>>>>>>>>>>{"query_id":"4711FC0B-C143-4C54-A1C4-1D278BF2F451","report_id":"602AD04D-25B5-4D9C-B811-193F92E00154","isUserAccessible":"on"}
[EL Fine]: sql: 2016-01-07 10:56:11.624--ClientSession(767665679)--Connection(1149143094)--Thread(Thread[Search Engine Delta Index Scheduler,5,main])--SELECT query_id, active_status, app_creator_id, created_by, created_date, hidden_name, jpql_query, name, project_id, project_version_id, query_json, query_type, sql_query, updated_by, updated_date, user_access, version_id FROM art_query WHERE ((query_id = ?) AND (active_status = ?))
	bind => [4711FC0B-C143-4C54-A1C4-1D278BF2F451, true]
URL To Call:::http://localhost:8080/salesdemoappsolr/dataimport
searchJson>>>>>>>>>>>>>>>{"hour":"","minute":""}
searchJson>>>>>>>>>>>>>>>{"isUserAccessible":"on","hour":"","minute":""}
searchJson>>>>>>>>>>>>>>>{"hour":"","minute":""}
searchJson>>>>>>>>>>>>>>>{"enableCharts":"on","hour":"","minute":""}
searchJson>>>>>>>>>>>>>>>{"isSearch":"on","enableCharts":"on","isUserAccessible":"on","hour":"1","minute":"30"}
doIndex  searchJson>>>>>>>>>>>>>>>{"query_id":"4711FC0B-C143-4C54-A1C4-1D278BF2F451","report_id":"B97A3E8F-074A-479D-B5C1-7A6B578678AF","isUserAccessible":"on"}
[EL Fine]: sql: 2016-01-07 10:56:11.627--ClientSession(957436244)--Connection(1149143094)--Thread(Thread[Search Engine Delta Index Scheduler,5,main])--SELECT query_id, active_status, app_creator_id, created_by, created_date, hidden_name, jpql_query, name, project_id, project_version_id, query_json, query_type, sql_query, updated_by, updated_date, user_access, version_id FROM art_query WHERE ((query_id = ?) AND (active_status = ?))
	bind => [4711FC0B-C143-4C54-A1C4-1D278BF2F451, true]
URL To Call:::http://localhost:8080/salesdemoappsolr/dataimport
searchJson>>>>>>>>>>>>>>>{"isUserAccessible":"on","hour":"","minute":""}
searchJson>>>>>>>>>>>>>>>{"hour":"","minute":""}
In around repository aspect
[EL Fine]: sql: 2016-01-07 10:56:11.894--ClientSession(1783113868)--Connection(321035985)--Thread(Thread[Test worker,5,main])--SELECT menuId, appId, appType, autoSave, menuAccessRights, menuAction, menuCommands, menuDisplay, menuHead, menuIcon, menuLabel, menuTreeId, RefObjectId, uiType, versionId, createdBy, createdDate, updatedBy, updatedDate, activeStatus, txnAccessCode FROM ast_AppMenus_M WHERE ((activeStatus = ?) AND (menuId = ?))
	bind => [1, A9C2C1A2-3893-4101-94AE-8FA1A41185AE]
Setting logged in user info for UPDATE
In around repository aspect
[EL Fine]: sql: 2016-01-07 10:56:11.898--ClientSession(1833623962)--Connection(321035985)--Thread(Thread[Test worker,5,main])--SELECT menuId, appId, appType, autoSave, menuAccessRights, menuAction, menuCommands, menuDisplay, menuHead, menuIcon, menuLabel, menuTreeId, RefObjectId, uiType, versionId, createdBy, createdDate, updatedBy, updatedDate, activeStatus, txnAccessCode FROM ast_AppMenus_M WHERE (menuId = ?)
	bind => [A9C2C1A2-3893-4101-94AE-8FA1A41185AE]
[EL Fine]: sql: 2016-01-07 10:56:11.899--ClientSession(1833623962)--Connection(321035985)--Thread(Thread[Test worker,5,main])--UPDATE ast_AppMenus_M SET appId = ?, appType = ?, menuAction = ?, menuCommands = ?, menuIcon = ?, menuLabel = ?, menuTreeId = ?, RefObjectId = ?, uiType = ?, updatedBy = ?, versionId = ? WHERE ((menuId = ?) AND (versionId = ?))
	bind => [D4fFicet3CPRsY2haauUtxJ0FuuO7CWSf1guzsVAflhs72UOEg, 1, C4qzKVBVbSMuiPvLWEh2iXkto87m7hjShPkj7mk6Fx9WsKuFzR, 3mhT3b4sVBWodDtZSs7bK66qVAQ5Iv81aXU8iLJeLD7NBzZUmm, 3Y9c8KFnmuQ9TYV94e84JX2BORvr0mdmNPfchr2tNotxbaXGDn, vx8UQ3E8EQwwBbisCFCiB64f9xB9VSdBJkwnzCCuglw2TXqk8Q, 8MnMrfNoL0AzpxIa6nKBEToBqmInT3BebCPX682egN8aC6KOEH, nKyR4LG9JlslTWy4xqmfaACsiXq8bnPoICdVMiaQjExRWwcyQt, VoH, AAAAA, 2, A9C2C1A2-3893-4101-94AE-8FA1A41185AE, 1]
In around repository aspect
[EL Fine]: sql: 2016-01-07 10:56:12.002--ClientSession(1352911852)--Connection(321035985)--Thread(Thread[Test worker,5,main])--SELECT menuId, appId, appType, autoSave, menuAccessRights, menuAction, menuCommands, menuDisplay, menuHead, menuIcon, menuLabel, menuTreeId, RefObjectId, uiType, versionId, createdBy, createdDate, updatedBy, updatedDate, activeStatus, txnAccessCode FROM ast_AppMenus_M WHERE ((activeStatus = ?) AND (menuId = ?))
	bind => [1, A9C2C1A2-3893-4101-94AE-8FA1A41185AE]
In around repository aspect
[EL Fine]: sql: 2016-01-07 10:56:12.008--ClientSession(766010529)--Connection(321035985)--Thread(Thread[Test worker,5,main])--SELECT menuId, appId, appType, autoSave, menuAccessRights, menuAction, menuCommands, menuDisplay, menuHead, menuIcon, menuLabel, menuTreeId, RefObjectId, uiType, versionId, createdBy, createdDate, updatedBy, updatedDate, activeStatus, txnAccessCode FROM ast_AppMenus_M WHERE (menuId = ?)
	bind => [A9C2C1A2-3893-4101-94AE-8FA1A41185AE]
[EL Fine]: sql: 2016-01-07 10:56:12.01--ClientSession(766010529)--Connection(321035985)--Thread(Thread[Test worker,5,main])--DELETE FROM ast_AppMenus_M WHERE ((menuId = ?) AND (versionId = ?))
	bind => [A9C2C1A2-3893-4101-94AE-8FA1A41185AE, 2]
]]></system-out>
  <system-err><![CDATA[java.net.ConnectException: Connection refused
	at java.net.PlainSocketImpl.socketConnect(Native Method)
	at java.net.AbstractPlainSocketImpl.doConnect(AbstractPlainSocketImpl.java:339)
	at java.net.AbstractPlainSocketImpl.connectToAddress(AbstractPlainSocketImpl.java:200)
	at java.net.AbstractPlainSocketImpl.connect(AbstractPlainSocketImpl.java:182)
	at java.net.SocksSocketImpl.connect(SocksSocketImpl.java:392)
	at java.net.Socket.connect(Socket.java:579)
	at java.net.Socket.connect(Socket.java:528)
	at sun.net.NetworkClient.doConnect(NetworkClient.java:180)
	at sun.net.www.http.HttpClient.openServer(HttpClient.java:432)
	at sun.net.www.http.HttpClient.openServer(HttpClient.java:527)
	at sun.net.www.http.HttpClient.<init>(HttpClient.java:211)
	at sun.net.www.http.HttpClient.New(HttpClient.java:308)
	at sun.net.www.http.HttpClient.New(HttpClient.java:326)
	at sun.net.www.protocol.http.HttpURLConnection.getNewHttpClient(HttpURLConnection.java:997)
	at sun.net.www.protocol.http.HttpURLConnection.plainConnect(HttpURLConnection.java:933)
	at sun.net.www.protocol.http.HttpURLConnection.connect(HttpURLConnection.java:851)
	at sun.net.www.protocol.http.HttpURLConnection.getOutputStream(HttpURLConnection.java:1092)
	at com.athena.search.bizservice.SearchEngineServiceImpl.sendPost(SearchEngineServiceImpl.java:553)
	at com.athena.search.bizservice.SearchEngineServiceImpl.doIndex(SearchEngineServiceImpl.java:112)
	at com.athena.search.bizservice.SearchEngineServiceImpl.doDeltaIndexing(SearchEngineServiceImpl.java:661)
	at com.athena.search.bizservice.SearchEngineDeltaIndexScheduler.run(SearchEngineDeltaIndexScheduler.java:27)
	at java.util.TimerThread.mainLoop(Timer.java:555)
	at java.util.TimerThread.run(Timer.java:505)
java.net.ConnectException: Connection refused
	at java.net.PlainSocketImpl.socketConnect(Native Method)
	at java.net.AbstractPlainSocketImpl.doConnect(AbstractPlainSocketImpl.java:339)
	at java.net.AbstractPlainSocketImpl.connectToAddress(AbstractPlainSocketImpl.java:200)
	at java.net.AbstractPlainSocketImpl.connect(AbstractPlainSocketImpl.java:182)
	at java.net.SocksSocketImpl.connect(SocksSocketImpl.java:392)
	at java.net.Socket.connect(Socket.java:579)
	at java.net.Socket.connect(Socket.java:528)
	at sun.net.NetworkClient.doConnect(NetworkClient.java:180)
	at sun.net.www.http.HttpClient.openServer(HttpClient.java:432)
	at sun.net.www.http.HttpClient.openServer(HttpClient.java:527)
	at sun.net.www.http.HttpClient.<init>(HttpClient.java:211)
	at sun.net.www.http.HttpClient.New(HttpClient.java:308)
	at sun.net.www.http.HttpClient.New(HttpClient.java:326)
	at sun.net.www.protocol.http.HttpURLConnection.getNewHttpClient(HttpURLConnection.java:997)
	at sun.net.www.protocol.http.HttpURLConnection.plainConnect(HttpURLConnection.java:933)
	at sun.net.www.protocol.http.HttpURLConnection.connect(HttpURLConnection.java:851)
	at sun.net.www.protocol.http.HttpURLConnection.getOutputStream(HttpURLConnection.java:1092)
	at com.athena.search.bizservice.SearchEngineServiceImpl.sendPost(SearchEngineServiceImpl.java:553)
	at com.athena.search.bizservice.SearchEngineServiceImpl.doIndex(SearchEngineServiceImpl.java:112)
	at com.athena.search.bizservice.SearchEngineServiceImpl.doDeltaIndexing(SearchEngineServiceImpl.java:661)
	at com.athena.search.bizservice.SearchEngineDeltaIndexScheduler.run(SearchEngineDeltaIndexScheduler.java:27)
	at java.util.TimerThread.mainLoop(Timer.java:555)
	at java.util.TimerThread.run(Timer.java:505)
java.net.ConnectException: Connection refused
	at java.net.PlainSocketImpl.socketConnect(Native Method)
	at java.net.AbstractPlainSocketImpl.doConnect(AbstractPlainSocketImpl.java:339)
	at java.net.AbstractPlainSocketImpl.connectToAddress(AbstractPlainSocketImpl.java:200)
	at java.net.AbstractPlainSocketImpl.connect(AbstractPlainSocketImpl.java:182)
	at java.net.SocksSocketImpl.connect(SocksSocketImpl.java:392)
	at java.net.Socket.connect(Socket.java:579)
	at java.net.Socket.connect(Socket.java:528)
	at sun.net.NetworkClient.doConnect(NetworkClient.java:180)
	at sun.net.www.http.HttpClient.openServer(HttpClient.java:432)
	at sun.net.www.http.HttpClient.openServer(HttpClient.java:527)
	at sun.net.www.http.HttpClient.<init>(HttpClient.java:211)
	at sun.net.www.http.HttpClient.New(HttpClient.java:308)
	at sun.net.www.http.HttpClient.New(HttpClient.java:326)
	at sun.net.www.protocol.http.HttpURLConnection.getNewHttpClient(HttpURLConnection.java:997)
	at sun.net.www.protocol.http.HttpURLConnection.plainConnect(HttpURLConnection.java:933)
	at sun.net.www.protocol.http.HttpURLConnection.connect(HttpURLConnection.java:851)
	at sun.net.www.protocol.http.HttpURLConnection.getOutputStream(HttpURLConnection.java:1092)
	at com.athena.search.bizservice.SearchEngineServiceImpl.sendPost(SearchEngineServiceImpl.java:553)
	at com.athena.search.bizservice.SearchEngineServiceImpl.doIndex(SearchEngineServiceImpl.java:112)
	at com.athena.search.bizservice.SearchEngineServiceImpl.doDeltaIndexing(SearchEngineServiceImpl.java:661)
	at com.athena.search.bizservice.SearchEngineDeltaIndexScheduler.run(SearchEngineDeltaIndexScheduler.java:27)
	at java.util.TimerThread.mainLoop(Timer.java:555)
	at java.util.TimerThread.run(Timer.java:505)
]]></system-err>
</testsuite>
