<?xml version="1.0" encoding="UTF-8"?>
<testsuite name="com.app.server.service.PasswordAlgoTestCase" tests="4" skipped="0" failures="0" errors="0" timestamp="2016-01-07T10:55:58" hostname="4752563c5d1f" time="0.299">
  <properties/>
  <testcase name="test1Save" classname="com.app.server.service.PasswordAlgoTestCase" time="0.099"/>
  <testcase name="test2Update" classname="com.app.server.service.PasswordAlgoTestCase" time="0.083"/>
  <testcase name="test3FindById" classname="com.app.server.service.PasswordAlgoTestCase" time="0.006"/>
  <testcase name="test4Delete" classname="com.app.server.service.PasswordAlgoTestCase" time="0.111"/>
  <system-out><![CDATA[Setting logged in user info for ADD
In around repository aspect
[EL Fine]: sql: 2016-01-07 10:55:58.236--ClientSession(489036934)--Connection(321035985)--Thread(Thread[Test worker,5,main])--INSERT INTO ast_PasswordAlgo_M (algoId, algoDescription, algoHelp, algoIcon, algoName, algorithm, versionId, createdBy, createdDate, updatedBy, updatedDate, activeStatus, txnAccessCode) VALUES (?, ?, ?, ?, ?, ?, ?, ?, ?, ?, ?, ?, ?)
	bind => [61D2DCED-2D84-4DB0-9F7A-DD95B66F0035, 5uggK6vtiR194pg0JbFjOv65rrLuT5Fk3MpXXxj28tN4wFRNwL, KOX0Xy87zyfuP9mwQoStr1frseGwrCkEKDnpMc9KBtQ2JHNWNa, IC9RZ3X1zz0SYhGVqy5ispN94ArVk0ZTOgqKxnT9g2414tDGTS, KNnfqgiNdMANz3ziRe3YCjebWpR5I3EDvStgT0e1AY0jANUaMw, 6, 1, AAAAA, 2016-01-07 16:25:58.207, null, 2016-01-07 16:25:58.207, 1, null]
In around repository aspect
[EL Fine]: sql: 2016-01-07 10:55:58.3--ClientSession(820468927)--Connection(321035985)--Thread(Thread[Test worker,5,main])--SELECT algoId, algoDescription, algoHelp, algoIcon, algoName, algorithm, versionId, createdBy, createdDate, updatedBy, updatedDate, activeStatus, txnAccessCode FROM ast_PasswordAlgo_M WHERE ((activeStatus = ?) AND (algoId = ?))
	bind => [1, 61D2DCED-2D84-4DB0-9F7A-DD95B66F0035]
Setting logged in user info for UPDATE
In around repository aspect
[EL Fine]: sql: 2016-01-07 10:55:58.303--ClientSession(731534279)--Connection(321035985)--Thread(Thread[Test worker,5,main])--SELECT algoId, algoDescription, algoHelp, algoIcon, algoName, algorithm, versionId, createdBy, createdDate, updatedBy, updatedDate, activeStatus, txnAccessCode FROM ast_PasswordAlgo_M WHERE (algoId = ?)
	bind => [61D2DCED-2D84-4DB0-9F7A-DD95B66F0035]
[EL Fine]: sql: 2016-01-07 10:55:58.304--ClientSession(731534279)--Connection(321035985)--Thread(Thread[Test worker,5,main])--UPDATE ast_PasswordAlgo_M SET algoDescription = ?, algoHelp = ?, algoIcon = ?, algoName = ?, algorithm = ?, updatedBy = ?, versionId = ? WHERE ((algoId = ?) AND (versionId = ?))
	bind => [EtxSs00qeSXbaE2Ekp0Qtghfg7ye2ydkMytXGJNVFpkIwniyzL, 99REgWUubniYN0aNCIssSV0MfHF0339n2KJjnT8NtHyYuHkD6s, HV8LvYprE83fKWX7MSFVKiuuhb51M8sefb0AGqh5ehnIciMV9t, 6mG4wnbhAMq6XAbsRNctgxgVfkTcUTLSsSkHQL94bIaKnjFkAT, 8, AAAAA, 2, 61D2DCED-2D84-4DB0-9F7A-DD95B66F0035, 1]
In around repository aspect
[EL Fine]: sql: 2016-01-07 10:55:58.382--ClientSession(1357849283)--Connection(321035985)--Thread(Thread[Test worker,5,main])--SELECT algoId, algoDescription, algoHelp, algoIcon, algoName, algorithm, versionId, createdBy, createdDate, updatedBy, updatedDate, activeStatus, txnAccessCode FROM ast_PasswordAlgo_M WHERE ((activeStatus = ?) AND (algoId = ?))
	bind => [1, 61D2DCED-2D84-4DB0-9F7A-DD95B66F0035]
In around repository aspect
[EL Fine]: sql: 2016-01-07 10:55:58.387--ClientSession(894474983)--Connection(321035985)--Thread(Thread[Test worker,5,main])--SELECT algoId, algoDescription, algoHelp, algoIcon, algoName, algorithm, versionId, createdBy, createdDate, updatedBy, updatedDate, activeStatus, txnAccessCode FROM ast_PasswordAlgo_M WHERE (algoId = ?)
	bind => [61D2DCED-2D84-4DB0-9F7A-DD95B66F0035]
[EL Fine]: sql: 2016-01-07 10:55:58.389--ClientSession(894474983)--Connection(321035985)--Thread(Thread[Test worker,5,main])--DELETE FROM ast_PasswordAlgo_M WHERE ((algoId = ?) AND (versionId = ?))
	bind => [61D2DCED-2D84-4DB0-9F7A-DD95B66F0035, 2]
]]></system-out>
  <system-err><![CDATA[]]></system-err>
</testsuite>
