<?xml version="1.0" encoding="UTF-8"?>
<testsuite name="com.app.server.service.TimezoneTestCase" tests="4" skipped="0" failures="0" errors="0" timestamp="2016-01-07T10:56:10" hostname="4752563c5d1f" time="0.238">
  <properties/>
  <testcase name="test1Save" classname="com.app.server.service.TimezoneTestCase" time="0.072"/>
  <testcase name="test2Update" classname="com.app.server.service.TimezoneTestCase" time="0.066"/>
  <testcase name="test3FindById" classname="com.app.server.service.TimezoneTestCase" time="0.006"/>
  <testcase name="test4Delete" classname="com.app.server.service.TimezoneTestCase" time="0.093"/>
  <system-out><![CDATA[Setting logged in user info for ADD
In around repository aspect
[EL Fine]: sql: 2016-01-07 10:56:10.926--ClientSession(867269932)--Connection(321035985)--Thread(Thread[Test worker,5,main])--INSERT INTO ast_Timezone_M (timeZoneId, cities, country, gmtLabel, timeZoneLabel, utcdifference, versionId, createdBy, createdDate, updatedBy, updatedDate, activeStatus, txnAccessCode) VALUES (?, ?, ?, ?, ?, ?, ?, ?, ?, ?, ?, ?, ?)
	bind => [063813B8-A235-4239-8D3D-4DD68B820E7A, KaQPChhculu4kh44Ldjno0t0m62fIr7ZYy60athjYw4Nrzs5vS, CmpeQj7w5UxOqEdE0jyX2wRaLxtYOgsVTmYHaBtZWuRXDQp6ve, Q5RBvzE0u0JG6xmicnAfQwg8Ztf53bJUJ55FOxNpRhBH4hLEty, sVk9jLPEJ3bc2gvJFc0N6ztPLF9aO3uRAnHVhLJCLeBanbojqW, 10, 1, AAAAA, 2016-01-07 16:26:10.902, null, 2016-01-07 16:26:10.902, 1, null]
In around repository aspect
[EL Fine]: sql: 2016-01-07 10:56:10.968--ClientSession(927423393)--Connection(321035985)--Thread(Thread[Test worker,5,main])--SELECT timeZoneId, cities, country, gmtLabel, timeZoneLabel, utcdifference, versionId, createdBy, createdDate, updatedBy, updatedDate, activeStatus, txnAccessCode FROM ast_Timezone_M WHERE ((activeStatus = ?) AND (timeZoneId = ?))
	bind => [1, 063813B8-A235-4239-8D3D-4DD68B820E7A]
Setting logged in user info for UPDATE
In around repository aspect
[EL Fine]: sql: 2016-01-07 10:56:10.973--ClientSession(2075410405)--Connection(321035985)--Thread(Thread[Test worker,5,main])--SELECT timeZoneId, cities, country, gmtLabel, timeZoneLabel, utcdifference, versionId, createdBy, createdDate, updatedBy, updatedDate, activeStatus, txnAccessCode FROM ast_Timezone_M WHERE (timeZoneId = ?)
	bind => [063813B8-A235-4239-8D3D-4DD68B820E7A]
[EL Fine]: sql: 2016-01-07 10:56:10.977--ClientSession(2075410405)--Connection(321035985)--Thread(Thread[Test worker,5,main])--UPDATE ast_Timezone_M SET cities = ?, country = ?, gmtLabel = ?, timeZoneLabel = ?, updatedBy = ?, versionId = ? WHERE ((timeZoneId = ?) AND (versionId = ?))
	bind => [5awgPwIW9MzIbnm5R66LKSB8DEHVvYjAZcY3F9O3csm6rmd8ew, wIpIAQFirmrIiUyJmjKoxuSpZdK7Io2zXWB8szpt7gJb4sszXR, agXtJn2m7xhjw3TVr6ovPZjY8YCGPLyaUgjnzp4muKgEcvYGUG, D2n4YUVEbkfU7yILPq0JJPYzZ57dqr9ol6P4fSN3mxramf9yln, AAAAA, 2, 063813B8-A235-4239-8D3D-4DD68B820E7A, 1]
In around repository aspect
[EL Fine]: sql: 2016-01-07 10:56:11.034--ClientSession(1671403791)--Connection(321035985)--Thread(Thread[Test worker,5,main])--SELECT timeZoneId, cities, country, gmtLabel, timeZoneLabel, utcdifference, versionId, createdBy, createdDate, updatedBy, updatedDate, activeStatus, txnAccessCode FROM ast_Timezone_M WHERE ((activeStatus = ?) AND (timeZoneId = ?))
	bind => [1, 063813B8-A235-4239-8D3D-4DD68B820E7A]
In around repository aspect
[EL Fine]: sql: 2016-01-07 10:56:11.038--ClientSession(1464229209)--Connection(321035985)--Thread(Thread[Test worker,5,main])--SELECT timeZoneId, cities, country, gmtLabel, timeZoneLabel, utcdifference, versionId, createdBy, createdDate, updatedBy, updatedDate, activeStatus, txnAccessCode FROM ast_Timezone_M WHERE (timeZoneId = ?)
	bind => [063813B8-A235-4239-8D3D-4DD68B820E7A]
[EL Fine]: sql: 2016-01-07 10:56:11.04--ClientSession(1464229209)--Connection(321035985)--Thread(Thread[Test worker,5,main])--DELETE FROM ast_Timezone_M WHERE ((timeZoneId = ?) AND (versionId = ?))
	bind => [063813B8-A235-4239-8D3D-4DD68B820E7A, 2]
]]></system-out>
  <system-err><![CDATA[]]></system-err>
</testsuite>
