<?xml version="1.0" encoding="UTF-8"?>
<testsuite name="com.app.server.service.ChannelTestCase" tests="4" skipped="0" failures="0" errors="0" timestamp="2016-01-07T10:55:58" hostname="4752563c5d1f" time="0.447">
  <properties/>
  <testcase name="test1Save" classname="com.app.server.service.ChannelTestCase" time="0.155"/>
  <testcase name="test2Update" classname="com.app.server.service.ChannelTestCase" time="0.099"/>
  <testcase name="test3FindById" classname="com.app.server.service.ChannelTestCase" time="0.005"/>
  <testcase name="test4Delete" classname="com.app.server.service.ChannelTestCase" time="0.185"/>
  <system-out><![CDATA[Setting logged in user info for ADD
In around repository aspect
[EL Fine]: sql: 2016-01-07 10:55:58.536--ClientSession(833937053)--Connection(321035985)--Thread(Thread[Test worker,5,main])--INSERT INTO ast_Channel_M (channelId, channel, versionId, createdBy, createdDate, updatedBy, updatedDate, activeStatus, txnAccessCode) VALUES (?, ?, ?, ?, ?, ?, ?, ?, ?)
	bind => [8F2AAFA1-B621-4320-879D-672599A95C73, vncCd51XcWRvCr5aCNLpaVRVC8basobEJfKrjAPG07pQzJdypC, 1, AAAAA, 2016-01-07 16:25:58.511, null, 2016-01-07 16:25:58.511, 1, null]
In around repository aspect
[EL Fine]: sql: 2016-01-07 10:55:58.657--ClientSession(1856745021)--Connection(321035985)--Thread(Thread[Test worker,5,main])--SELECT channelId, channel, versionId, createdBy, createdDate, updatedBy, updatedDate, activeStatus, txnAccessCode FROM ast_Channel_M WHERE ((activeStatus = ?) AND (channelId = ?))
	bind => [1, 8F2AAFA1-B621-4320-879D-672599A95C73]
Setting logged in user info for UPDATE
In around repository aspect
[EL Fine]: sql: 2016-01-07 10:55:58.659--ClientSession(1467678999)--Connection(321035985)--Thread(Thread[Test worker,5,main])--SELECT channelId, channel, versionId, createdBy, createdDate, updatedBy, updatedDate, activeStatus, txnAccessCode FROM ast_Channel_M WHERE (channelId = ?)
	bind => [8F2AAFA1-B621-4320-879D-672599A95C73]
[EL Fine]: sql: 2016-01-07 10:55:58.661--ClientSession(1467678999)--Connection(321035985)--Thread(Thread[Test worker,5,main])--UPDATE ast_Channel_M SET channel = ?, updatedBy = ?, versionId = ? WHERE ((channelId = ?) AND (versionId = ?))
	bind => [ZKynFpkUn3x6fp12lFxtpylXFTtmEaQEOjMQ9yo7Z0yxwNDnFD, AAAAA, 2, 8F2AAFA1-B621-4320-879D-672599A95C73, 1]
In around repository aspect
[EL Fine]: sql: 2016-01-07 10:55:58.758--ClientSession(1075626754)--Connection(321035985)--Thread(Thread[Test worker,5,main])--SELECT channelId, channel, versionId, createdBy, createdDate, updatedBy, updatedDate, activeStatus, txnAccessCode FROM ast_Channel_M WHERE ((activeStatus = ?) AND (channelId = ?))
	bind => [1, 8F2AAFA1-B621-4320-879D-672599A95C73]
In around repository aspect
[EL Fine]: sql: 2016-01-07 10:55:58.763--ClientSession(1987131589)--Connection(321035985)--Thread(Thread[Test worker,5,main])--SELECT channelId, channel, versionId, createdBy, createdDate, updatedBy, updatedDate, activeStatus, txnAccessCode FROM ast_Channel_M WHERE (channelId = ?)
	bind => [8F2AAFA1-B621-4320-879D-672599A95C73]
[EL Fine]: sql: 2016-01-07 10:55:58.764--ClientSession(1987131589)--Connection(321035985)--Thread(Thread[Test worker,5,main])--DELETE FROM ast_Channel_M WHERE ((channelId = ?) AND (versionId = ?))
	bind => [8F2AAFA1-B621-4320-879D-672599A95C73, 2]
]]></system-out>
  <system-err><![CDATA[]]></system-err>
</testsuite>
