<?xml version="1.0" encoding="UTF-8"?>
<testsuite name="com.app.server.service.CommunicationGroupTestCase" tests="4" skipped="0" failures="0" errors="0" timestamp="2016-01-07T10:56:09" hostname="4752563c5d1f" time="0.531">
  <properties/>
  <testcase name="test1Save" classname="com.app.server.service.CommunicationGroupTestCase" time="0.173"/>
  <testcase name="test2Update" classname="com.app.server.service.CommunicationGroupTestCase" time="0.174"/>
  <testcase name="test3FindById" classname="com.app.server.service.CommunicationGroupTestCase" time="0.008"/>
  <testcase name="test4Delete" classname="com.app.server.service.CommunicationGroupTestCase" time="0.174"/>
  <system-out><![CDATA[Setting logged in user info for ADD
In around repository aspect
[EL Fine]: sql: 2016-01-07 10:56:09.566--ClientSession(225882922)--Connection(321035985)--Thread(Thread[Test worker,5,main])--INSERT INTO ast_CommunicationGroup_M (commGroupId, commGroupDescription, commGroupName, versionId, createdBy, createdDate, updatedBy, updatedDate, activeStatus, txnAccessCode) VALUES (?, ?, ?, ?, ?, ?, ?, ?, ?, ?)
	bind => [99EE117B-286F-460D-83E8-7F026A38C515, P5crzlhmozjhGNxMJ6jYmnwsyZz4uoDxbotJgKusSfhlQowK2O, zSVJWMpJ7SS293h4Zz9aCecNropNeHz6hOWk9nakmELo1ZtXTW, 1, AAAAA, 2016-01-07 16:26:09.56, null, 2016-01-07 16:26:09.56, 1, null]
In around repository aspect
[EL Fine]: sql: 2016-01-07 10:56:09.727--ClientSession(1708267602)--Connection(321035985)--Thread(Thread[Test worker,5,main])--SELECT commGroupId, commGroupDescription, commGroupName, versionId, createdBy, createdDate, updatedBy, updatedDate, activeStatus, txnAccessCode FROM ast_CommunicationGroup_M WHERE ((activeStatus = ?) AND (commGroupId = ?))
	bind => [1, 99EE117B-286F-460D-83E8-7F026A38C515]
Setting logged in user info for UPDATE
In around repository aspect
[EL Fine]: sql: 2016-01-07 10:56:09.731--ClientSession(2051433441)--Connection(321035985)--Thread(Thread[Test worker,5,main])--SELECT commGroupId, commGroupDescription, commGroupName, versionId, createdBy, createdDate, updatedBy, updatedDate, activeStatus, txnAccessCode FROM ast_CommunicationGroup_M WHERE (commGroupId = ?)
	bind => [99EE117B-286F-460D-83E8-7F026A38C515]
[EL Fine]: sql: 2016-01-07 10:56:09.733--ClientSession(2051433441)--Connection(321035985)--Thread(Thread[Test worker,5,main])--UPDATE ast_CommunicationGroup_M SET commGroupDescription = ?, commGroupName = ?, updatedBy = ?, versionId = ? WHERE ((commGroupId = ?) AND (versionId = ?))
	bind => [f6fhDZqXezL7wx6g3zII7WoxKApHC6DxH7yI5nc8SNa093kBvL, l7jFOPe1KnVvkUsJLTydkVtyLkxYbEJgoULwqNXOpam74Qo8Lw, AAAAA, 2, 99EE117B-286F-460D-83E8-7F026A38C515, 1]
In around repository aspect
[EL Fine]: sql: 2016-01-07 10:56:09.9--ClientSession(669838393)--Connection(321035985)--Thread(Thread[Test worker,5,main])--SELECT commGroupId, commGroupDescription, commGroupName, versionId, createdBy, createdDate, updatedBy, updatedDate, activeStatus, txnAccessCode FROM ast_CommunicationGroup_M WHERE ((activeStatus = ?) AND (commGroupId = ?))
	bind => [1, 99EE117B-286F-460D-83E8-7F026A38C515]
In around repository aspect
[EL Fine]: sql: 2016-01-07 10:56:09.907--ClientSession(168783032)--Connection(321035985)--Thread(Thread[Test worker,5,main])--SELECT commGroupId, commGroupDescription, commGroupName, versionId, createdBy, createdDate, updatedBy, updatedDate, activeStatus, txnAccessCode FROM ast_CommunicationGroup_M WHERE (commGroupId = ?)
	bind => [99EE117B-286F-460D-83E8-7F026A38C515]
[EL Fine]: sql: 2016-01-07 10:56:09.908--ClientSession(168783032)--Connection(321035985)--Thread(Thread[Test worker,5,main])--DELETE FROM ast_CommunicationGroup_M WHERE ((commGroupId = ?) AND (versionId = ?))
	bind => [99EE117B-286F-460D-83E8-7F026A38C515, 2]
]]></system-out>
  <system-err><![CDATA[]]></system-err>
</testsuite>
