<?xml version="1.0" encoding="UTF-8"?>
<testsuite name="com.app.server.service.AppCustomerCategoryTestCase" tests="4" skipped="0" failures="0" errors="0" timestamp="2016-01-07T10:55:52" hostname="4752563c5d1f" time="0.331">
  <properties/>
  <testcase name="test1Save" classname="com.app.server.service.AppCustomerCategoryTestCase" time="0.182"/>
  <testcase name="test2Update" classname="com.app.server.service.AppCustomerCategoryTestCase" time="0.083"/>
  <testcase name="test3FindById" classname="com.app.server.service.AppCustomerCategoryTestCase" time="0.007"/>
  <testcase name="test4Delete" classname="com.app.server.service.AppCustomerCategoryTestCase" time="0.059"/>
  <system-out><![CDATA[Setting logged in user info for ADD
In around repository aspect
[EL Fine]: sql: 2016-01-07 10:55:52.418--ClientSession(786851550)--Connection(321035985)--Thread(Thread[Test worker,5,main])--INSERT INTO ast_AppCustomerCategory_M (appcustCategoryId, customerCategory, versionId, createdBy, createdDate, updatedBy, updatedDate, activeStatus, txnAccessCode) VALUES (?, ?, ?, ?, ?, ?, ?, ?, ?)
	bind => [DF819764-A3A4-4B57-8AD1-8EA4FACFE6F1, 2jneK7SvGRZfzk2CT2ejNTeWBG0PH6X0IKEsgbCwa3xHB4UJYe, 1, AAAAA, 2016-01-07 16:25:52.412, null, 2016-01-07 16:25:52.412, 1, null]
In around repository aspect
[EL Fine]: sql: 2016-01-07 10:55:52.587--ClientSession(1615831087)--Connection(321035985)--Thread(Thread[Test worker,5,main])--SELECT appcustCategoryId, customerCategory, versionId, createdBy, createdDate, updatedBy, updatedDate, activeStatus, txnAccessCode FROM ast_AppCustomerCategory_M WHERE ((activeStatus = ?) AND (appcustCategoryId = ?))
	bind => [1, DF819764-A3A4-4B57-8AD1-8EA4FACFE6F1]
Setting logged in user info for UPDATE
In around repository aspect
[EL Fine]: sql: 2016-01-07 10:55:52.59--ClientSession(127228497)--Connection(321035985)--Thread(Thread[Test worker,5,main])--SELECT appcustCategoryId, customerCategory, versionId, createdBy, createdDate, updatedBy, updatedDate, activeStatus, txnAccessCode FROM ast_AppCustomerCategory_M WHERE (appcustCategoryId = ?)
	bind => [DF819764-A3A4-4B57-8AD1-8EA4FACFE6F1]
[EL Fine]: sql: 2016-01-07 10:55:52.591--ClientSession(127228497)--Connection(321035985)--Thread(Thread[Test worker,5,main])--UPDATE ast_AppCustomerCategory_M SET customerCategory = ?, updatedBy = ?, versionId = ? WHERE ((appcustCategoryId = ?) AND (versionId = ?))
	bind => [1frRYFdYrq6Q4zHYV9JYTiyxrj6TKKdk7xsyanrAVawMGdiLCq, AAAAA, 2, DF819764-A3A4-4B57-8AD1-8EA4FACFE6F1, 1]
In around repository aspect
[EL Fine]: sql: 2016-01-07 10:55:52.67--ClientSession(984926518)--Connection(321035985)--Thread(Thread[Test worker,5,main])--SELECT appcustCategoryId, customerCategory, versionId, createdBy, createdDate, updatedBy, updatedDate, activeStatus, txnAccessCode FROM ast_AppCustomerCategory_M WHERE ((activeStatus = ?) AND (appcustCategoryId = ?))
	bind => [1, DF819764-A3A4-4B57-8AD1-8EA4FACFE6F1]
In around repository aspect
[EL Fine]: sql: 2016-01-07 10:55:52.675--ClientSession(1986673668)--Connection(321035985)--Thread(Thread[Test worker,5,main])--SELECT appcustCategoryId, customerCategory, versionId, createdBy, createdDate, updatedBy, updatedDate, activeStatus, txnAccessCode FROM ast_AppCustomerCategory_M WHERE (appcustCategoryId = ?)
	bind => [DF819764-A3A4-4B57-8AD1-8EA4FACFE6F1]
[EL Fine]: sql: 2016-01-07 10:55:52.677--ClientSession(1986673668)--Connection(321035985)--Thread(Thread[Test worker,5,main])--DELETE FROM ast_AppCustomerCategory_M WHERE ((appcustCategoryId = ?) AND (versionId = ?))
	bind => [DF819764-A3A4-4B57-8AD1-8EA4FACFE6F1, 2]
]]></system-out>
  <system-err><![CDATA[]]></system-err>
</testsuite>
