<?xml version="1.0" encoding="UTF-8"?>
<testsuite name="com.app.server.service.BrandTestCase" tests="5" skipped="0" failures="0" errors="0" timestamp="2016-01-07T10:55:31" hostname="4752563c5d1f" time="13.83">
  <properties/>
  <testcase name="test1Save" classname="com.app.server.service.BrandTestCase" time="13.458"/>
  <testcase name="test2Update" classname="com.app.server.service.BrandTestCase" time="0.188"/>
  <testcase name="test3FindById" classname="com.app.server.service.BrandTestCase" time="0.013"/>
  <testcase name="test3findBycategoryId" classname="com.app.server.service.BrandTestCase" time="0.008"/>
  <testcase name="test4Delete" classname="com.app.server.service.BrandTestCase" time="0.161"/>
  <system-out><![CDATA[[EL Config]: metadata: 2016-01-07 10:55:36.125--ServerSession(2102101653)--Thread(Thread[Test worker,5,main])--The access type for the persistent class [class com.athena.shared.entity.ArtEntity] is set to [FIELD].
[EL Config]: metadata: 2016-01-07 10:55:36.152--ServerSession(2102101653)--Thread(Thread[Test worker,5,main])--The access type for the persistent class [class com.athena.shared.entity.AuditPropertiesEntity] is set to [FIELD].
[EL Config]: metadata: 2016-01-07 10:55:36.154--ServerSession(2102101653)--Thread(Thread[Test worker,5,main])--The access type for the persistent class [class com.athena.shared.entity.query.ArtQuery] is set to [FIELD].
[EL Config]: metadata: 2016-01-07 10:55:36.156--ServerSession(2102101653)--Thread(Thread[Test worker,5,main])--The access type for the persistent class [class com.app.shared.sales.Category] is set to [FIELD].
[EL Config]: metadata: 2016-01-07 10:55:36.159--ServerSession(2102101653)--Thread(Thread[Test worker,5,main])--The access type for the persistent class [class com.app.shared.location.Currency] is set to [FIELD].
[EL Config]: metadata: 2016-01-07 10:55:36.16--ServerSession(2102101653)--Thread(Thread[Test worker,5,main])--The access type for the persistent class [class com.athena.shared.entity.query.ArtMenu] is set to [FIELD].
[EL Config]: metadata: 2016-01-07 10:55:36.161--ServerSession(2102101653)--Thread(Thread[Test worker,5,main])--The access type for the persistent class [class com.athena.shared.entity.query.ArtTableEntityRelation] is set to [FIELD].
[EL Config]: metadata: 2016-01-07 10:55:36.167--ServerSession(2102101653)--Thread(Thread[Test worker,5,main])--The target entity (reference) class for the one to one mapping element [field reffKeyDetails] is being defaulted to: class com.athena.shared.entity.query.ArtTableFieldDetails.
[EL Config]: metadata: 2016-01-07 10:55:36.168--ServerSession(2102101653)--Thread(Thread[Test worker,5,main])--The target entity (reference) class for the one to one mapping element [field owingKeyDetails] is being defaulted to: class com.athena.shared.entity.query.ArtTableFieldDetails.
[EL Config]: metadata: 2016-01-07 10:55:36.169--ServerSession(2102101653)--Thread(Thread[Test worker,5,main])--The target entity (reference) class for the one to one mapping element [field reffTableDetails] is being defaulted to: class com.athena.shared.entity.query.ArtTableDetails.
[EL Config]: metadata: 2016-01-07 10:55:36.169--ServerSession(2102101653)--Thread(Thread[Test worker,5,main])--The target entity (reference) class for the many to one mapping element [field owningTableDetails] is being defaulted to: class com.athena.shared.entity.query.ArtTableDetails.
[EL Config]: metadata: 2016-01-07 10:55:36.17--ServerSession(2102101653)--Thread(Thread[Test worker,5,main])--The access type for the persistent class [class com.app.shared.sales.SalesData] is set to [FIELD].
[EL Config]: metadata: 2016-01-07 10:55:36.171--ServerSession(2102101653)--Thread(Thread[Test worker,5,main])--The access type for the persistent class [class com.app.shared.sales.Brand] is set to [FIELD].
[EL Config]: metadata: 2016-01-07 10:55:36.172--ServerSession(2102101653)--Thread(Thread[Test worker,5,main])--The access type for the persistent class [class com.athena.cloud.shared.entity.CloudDriveTags] is set to [FIELD].
[EL Config]: metadata: 2016-01-07 10:55:36.176--ServerSession(2102101653)--Thread(Thread[Test worker,5,main])--The target entity (reference) class for the one to many mapping element [field awsCloudDriveTagFiles] is being defaulted to: class com.athena.cloud.shared.entity.CloudDriveTagFiles.
[EL Config]: metadata: 2016-01-07 10:55:36.178--ServerSession(2102101653)--Thread(Thread[Test worker,5,main])--The access type for the persistent class [class com.athena.shared.entity.report.ArtServiceOperation] is set to [FIELD].
[EL Config]: metadata: 2016-01-07 10:55:36.178--ServerSession(2102101653)--Thread(Thread[Test worker,5,main])--The target entity (reference) class for the many to one mapping element [field artservice] is being defaulted to: class com.athena.shared.entity.report.ArtService.
[EL Config]: metadata: 2016-01-07 10:55:36.179--ServerSession(2102101653)--Thread(Thread[Test worker,5,main])--The access type for the persistent class [class com.athena.shared.entity.report.ArtChartTemplate] is set to [FIELD].
[EL Config]: metadata: 2016-01-07 10:55:36.18--ServerSession(2102101653)--Thread(Thread[Test worker,5,main])--The access type for the persistent class [class com.athena.cloud.shared.entity.CloudDriveFiles] is set to [FIELD].
[EL Config]: metadata: 2016-01-07 10:55:36.181--ServerSession(2102101653)--Thread(Thread[Test worker,5,main])--The target entity (reference) class for the many to many mapping element [field tags] is being defaulted to: class com.athena.cloud.shared.entity.CloudDriveTags.
[EL Config]: metadata: 2016-01-07 10:55:36.181--ServerSession(2102101653)--Thread(Thread[Test worker,5,main])--The target entity (reference) class for the one to one mapping element [field contentType] is being defaulted to: class com.athena.cloud.shared.entity.CloudDriveContentType.
[EL Config]: metadata: 2016-01-07 10:55:36.182--ServerSession(2102101653)--Thread(Thread[Test worker,5,main])--The access type for the persistent class [class com.athena.shared.entity.query.ArtTableDetails] is set to [FIELD].
[EL Config]: metadata: 2016-01-07 10:55:36.183--ServerSession(2102101653)--Thread(Thread[Test worker,5,main])--The target entity (reference) class for the one to many mapping element [field entityRelations] is being defaulted to: class com.athena.shared.entity.query.ArtTableEntityRelation.
[EL Config]: metadata: 2016-01-07 10:55:36.183--ServerSession(2102101653)--Thread(Thread[Test worker,5,main])--The target entity (reference) class for the one to many mapping element [field artTableFieldDetail] is being defaulted to: class com.athena.shared.entity.query.ArtTableFieldDetails.
[EL Config]: metadata: 2016-01-07 10:55:36.184--ServerSession(2102101653)--Thread(Thread[Test worker,5,main])--The access type for the persistent class [class com.app.shared.contacts.CommunicationGroup] is set to [FIELD].
[EL Config]: metadata: 2016-01-07 10:55:36.184--ServerSession(2102101653)--Thread(Thread[Test worker,5,main])--The access type for the persistent class [class com.app.shared.location.District] is set to [FIELD].
[EL Config]: metadata: 2016-01-07 10:55:36.185--ServerSession(2102101653)--Thread(Thread[Test worker,5,main])--The access type for the persistent class [class com.app.shared.authorization.UserRoleBridge] is set to [FIELD].
[EL Config]: metadata: 2016-01-07 10:55:36.186--ServerSession(2102101653)--Thread(Thread[Test worker,5,main])--The access type for the persistent class [class com.athena.shared.entity.report.ArtChartCategory] is set to [FIELD].
[EL Config]: metadata: 2016-01-07 10:55:36.186--ServerSession(2102101653)--Thread(Thread[Test worker,5,main])--The target entity (reference) class for the one to one mapping element [field chart_json_id] is being defaulted to: class com.athena.shared.entity.report.ArtChartJson.
[EL Config]: metadata: 2016-01-07 10:55:36.187--ServerSession(2102101653)--Thread(Thread[Test worker,5,main])--The access type for the persistent class [class com.app.shared.contacts.ContactType] is set to [FIELD].
[EL Config]: metadata: 2016-01-07 10:55:36.187--ServerSession(2102101653)--Thread(Thread[Test worker,5,main])--The access type for the persistent class [class com.athena.shared.entity.report.ArtChartJson] is set to [FIELD].
[EL Config]: metadata: 2016-01-07 10:55:36.188--ServerSession(2102101653)--Thread(Thread[Test worker,5,main])--The target entity (reference) class for the one to one mapping element [field data_field_id] is being defaulted to: class com.athena.shared.entity.report.ArtChartDataFieldJson.
[EL Config]: metadata: 2016-01-07 10:55:36.188--ServerSession(2102101653)--Thread(Thread[Test worker,5,main])--The access type for the persistent class [class com.app.shared.contacts.CommunicationData] is set to [FIELD].
[EL Config]: metadata: 2016-01-07 10:55:36.189--ServerSession(2102101653)--Thread(Thread[Test worker,5,main])--The access type for the persistent class [class com.spartan.healthmeter.entity.ZenHealthGauge] is set to [FIELD].
[EL Config]: metadata: 2016-01-07 10:55:36.19--ServerSession(2102101653)--Thread(Thread[Test worker,5,main])--The access type for the persistent class [class com.app.shared.authentication.Question] is set to [FIELD].
[EL Config]: metadata: 2016-01-07 10:55:36.19--ServerSession(2102101653)--Thread(Thread[Test worker,5,main])--The access type for the persistent class [class com.athena.cloud.shared.entity.CloudDriveContentType] is set to [FIELD].
[EL Config]: metadata: 2016-01-07 10:55:36.191--ServerSession(2102101653)--Thread(Thread[Test worker,5,main])--The access type for the persistent class [class com.app.shared.authentication.SessionData] is set to [FIELD].
[EL Config]: metadata: 2016-01-07 10:55:36.192--ServerSession(2102101653)--Thread(Thread[Test worker,5,main])--The access type for the persistent class [class com.athena.shared.entity.report.ArtChartProperties] is set to [FIELD].
[EL Config]: metadata: 2016-01-07 10:55:36.193--ServerSession(2102101653)--Thread(Thread[Test worker,5,main])--The access type for the persistent class [class com.app.shared.location.Country] is set to [FIELD].
[EL Config]: metadata: 2016-01-07 10:55:36.193--ServerSession(2102101653)--Thread(Thread[Test worker,5,main])--The access type for the persistent class [class com.athena.shared.entity.query.ArtUserLastStatus] is set to [FIELD].
[EL Config]: metadata: 2016-01-07 10:55:36.194--ServerSession(2102101653)--Thread(Thread[Test worker,5,main])--The access type for the persistent class [class com.app.shared.location.Village] is set to [FIELD].
[EL Config]: metadata: 2016-01-07 10:55:36.195--ServerSession(2102101653)--Thread(Thread[Test worker,5,main])--The access type for the persistent class [class com.athena.shared.entity.query.ArtMasterForm] is set to [FIELD].
[EL Config]: metadata: 2016-01-07 10:55:36.196--ServerSession(2102101653)--Thread(Thread[Test worker,5,main])--The access type for the persistent class [class com.app.shared.authentication.Login] is set to [FIELD].
[EL Config]: metadata: 2016-01-07 10:55:36.196--ServerSession(2102101653)--Thread(Thread[Test worker,5,main])--The target entity (reference) class for the one to one mapping element [field coreContacts] is being defaulted to: class com.app.shared.contacts.CoreContacts.
[EL Config]: metadata: 2016-01-07 10:55:36.197--ServerSession(2102101653)--Thread(Thread[Test worker,5,main])--The target entity (reference) class for the one to one mapping element [field user] is being defaulted to: class com.app.shared.authentication.User.
[EL Config]: metadata: 2016-01-07 10:55:36.197--ServerSession(2102101653)--Thread(Thread[Test worker,5,main])--The access type for the persistent class [class com.athena.deo.model.AwsExternalIntegration] is set to [FIELD].
[EL Config]: metadata: 2016-01-07 10:55:36.198--ServerSession(2102101653)--Thread(Thread[Test worker,5,main])--The access type for the persistent class [class com.app.shared.sales.CurrentMonth] is set to [FIELD].
[EL Config]: metadata: 2016-01-07 10:55:36.199--ServerSession(2102101653)--Thread(Thread[Test worker,5,main])--The access type for the persistent class [class com.athena.shared.entity.query.ArtUserMenu] is set to [FIELD].
[EL Config]: metadata: 2016-01-07 10:55:36.199--ServerSession(2102101653)--Thread(Thread[Test worker,5,main])--The access type for the persistent class [class com.athena.cloud.shared.entity.CloudDriveTagShared] is set to [FIELD].
[EL Config]: metadata: 2016-01-07 10:55:36.199--ServerSession(2102101653)--Thread(Thread[Test worker,5,main])--The target entity (reference) class for the one to one mapping element [field tags] is being defaulted to: class com.athena.cloud.shared.entity.CloudDriveTags.
[EL Config]: metadata: 2016-01-07 10:55:36.2--ServerSession(2102101653)--Thread(Thread[Test worker,5,main])--The access type for the persistent class [class com.app.shared.authorization.AppMenus] is set to [FIELD].
[EL Config]: metadata: 2016-01-07 10:55:36.201--ServerSession(2102101653)--Thread(Thread[Test worker,5,main])--The access type for the persistent class [class com.app.shared.location.Taluka] is set to [FIELD].
[EL Config]: metadata: 2016-01-07 10:55:36.201--ServerSession(2102101653)--Thread(Thread[Test worker,5,main])--The access type for the persistent class [class com.spartan.healthmeter.entity.HealthSchedulerConfiguration] is set to [FIELD].
[EL Config]: metadata: 2016-01-07 10:55:36.202--ServerSession(2102101653)--Thread(Thread[Test worker,5,main])--The access type for the persistent class [class com.athena.cloud.shared.entity.CloudDriveFileVersion] is set to [FIELD].
[EL Config]: metadata: 2016-01-07 10:55:36.202--ServerSession(2102101653)--Thread(Thread[Test worker,5,main])--The target entity (reference) class for the one to one mapping element [field file] is being defaulted to: class com.athena.cloud.shared.entity.CloudDriveFiles.
[EL Config]: metadata: 2016-01-07 10:55:36.203--ServerSession(2102101653)--Thread(Thread[Test worker,5,main])--The access type for the persistent class [class com.app.shared.authentication.UserData] is set to [FIELD].
[EL Config]: metadata: 2016-01-07 10:55:36.203--ServerSession(2102101653)--Thread(Thread[Test worker,5,main])--The target entity (reference) class for the one to one mapping element [field user] is being defaulted to: class com.app.shared.authentication.User.
[EL Config]: metadata: 2016-01-07 10:55:36.203--ServerSession(2102101653)--Thread(Thread[Test worker,5,main])--The access type for the persistent class [class com.spartan.healthmeter.entity.ZenSchedulerHealth] is set to [FIELD].
[EL Config]: metadata: 2016-01-07 10:55:36.205--ServerSession(2102101653)--Thread(Thread[Test worker,5,main])--The access type for the persistent class [class com.athena.shared.entity.report.ArtChartType] is set to [FIELD].
[EL Config]: metadata: 2016-01-07 10:55:36.205--ServerSession(2102101653)--Thread(Thread[Test worker,5,main])--The target entity (reference) class for the one to one mapping element [field chart_id] is being defaulted to: class com.athena.shared.entity.report.ArtChartCategory.
[EL Config]: metadata: 2016-01-07 10:55:36.206--ServerSession(2102101653)--Thread(Thread[Test worker,5,main])--The access type for the persistent class [class com.app.shared.customers.AppCustomerCategory] is set to [FIELD].
[EL Config]: metadata: 2016-01-07 10:55:36.206--ServerSession(2102101653)--Thread(Thread[Test worker,5,main])--The access type for the persistent class [class com.app.shared.contacts.Gender] is set to [FIELD].
[EL Config]: metadata: 2016-01-07 10:55:36.207--ServerSession(2102101653)--Thread(Thread[Test worker,5,main])--The access type for the persistent class [class com.app.shared.contacts.CoreContacts] is set to [FIELD].
[EL Config]: metadata: 2016-01-07 10:55:36.207--ServerSession(2102101653)--Thread(Thread[Test worker,5,main])--The target entity (reference) class for the one to one mapping element [field timezone] is being defaulted to: class com.app.shared.location.Timezone.
[EL Config]: metadata: 2016-01-07 10:55:36.207--ServerSession(2102101653)--Thread(Thread[Test worker,5,main])--The target entity (reference) class for the one to many mapping element [field address] is being defaulted to: class com.app.shared.location.Address.
[EL Config]: metadata: 2016-01-07 10:55:36.208--ServerSession(2102101653)--Thread(Thread[Test worker,5,main])--The target entity (reference) class for the one to many mapping element [field communicationData] is being defaulted to: class com.app.shared.contacts.CommunicationData.
[EL Config]: metadata: 2016-01-07 10:55:36.208--ServerSession(2102101653)--Thread(Thread[Test worker,5,main])--The access type for the persistent class [class com.app.shared.authentication.LoginSession] is set to [FIELD].
[EL Config]: metadata: 2016-01-07 10:55:36.209--ServerSession(2102101653)--Thread(Thread[Test worker,5,main])--The access type for the persistent class [class com.athena.shared.entity.query.ArtDatabaseFunction] is set to [FIELD].
[EL Config]: metadata: 2016-01-07 10:55:36.209--ServerSession(2102101653)--Thread(Thread[Test worker,5,main])--The access type for the persistent class [class com.athena.shared.entity.report.ArtChartPropLanguage] is set to [FIELD].
[EL Config]: metadata: 2016-01-07 10:55:36.21--ServerSession(2102101653)--Thread(Thread[Test worker,5,main])--The target entity (reference) class for the one to one mapping element [field property_id] is being defaulted to: class com.athena.shared.entity.report.ArtChartProperties.
[EL Config]: metadata: 2016-01-07 10:55:36.21--ServerSession(2102101653)--Thread(Thread[Test worker,5,main])--The target entity (reference) class for the one to one mapping element [field lang_id] is being defaulted to: class com.athena.shared.entity.report.ArtLangMaster.
[EL Config]: metadata: 2016-01-07 10:55:36.21--ServerSession(2102101653)--Thread(Thread[Test worker,5,main])--The access type for the persistent class [class com.spartan.shield.server.entity.AppSessionConfig] is set to [FIELD].
[EL Config]: metadata: 2016-01-07 10:55:36.211--ServerSession(2102101653)--Thread(Thread[Test worker,5,main])--The access type for the persistent class [class com.athena.shared.entity.report.ArtLangMaster] is set to [FIELD].
[EL Config]: metadata: 2016-01-07 10:55:36.211--ServerSession(2102101653)--Thread(Thread[Test worker,5,main])--The access type for the persistent class [class com.app.shared.location.Region] is set to [FIELD].
[EL Config]: metadata: 2016-01-07 10:55:36.212--ServerSession(2102101653)--Thread(Thread[Test worker,5,main])--The access type for the persistent class [class com.athena.shared.entity.query.ArtDatabaseOperators] is set to [FIELD].
[EL Config]: metadata: 2016-01-07 10:55:36.212--ServerSession(2102101653)--Thread(Thread[Test worker,5,main])--The access type for the persistent class [class com.app.shared.sales.Retailer] is set to [FIELD].
[EL Config]: metadata: 2016-01-07 10:55:36.213--ServerSession(2102101653)--Thread(Thread[Test worker,5,main])--The access type for the persistent class [class com.app.shared.authentication.PasswordAlgo] is set to [FIELD].
[EL Config]: metadata: 2016-01-07 10:55:36.213--ServerSession(2102101653)--Thread(Thread[Test worker,5,main])--The access type for the persistent class [class com.athena.cloud.shared.entity.CloudDriveFileShared] is set to [FIELD].
[EL Config]: metadata: 2016-01-07 10:55:36.213--ServerSession(2102101653)--Thread(Thread[Test worker,5,main])--The target entity (reference) class for the one to one mapping element [field file] is being defaulted to: class com.athena.cloud.shared.entity.CloudDriveFiles.
[EL Config]: metadata: 2016-01-07 10:55:36.214--ServerSession(2102101653)--Thread(Thread[Test worker,5,main])--The access type for the persistent class [class com.app.shared.authentication.UserAccessDomain] is set to [FIELD].
[EL Config]: metadata: 2016-01-07 10:55:36.214--ServerSession(2102101653)--Thread(Thread[Test worker,5,main])--The access type for the persistent class [class com.app.shared.location.AddressType] is set to [FIELD].
[EL Config]: metadata: 2016-01-07 10:55:36.215--ServerSession(2102101653)--Thread(Thread[Test worker,5,main])--The access type for the persistent class [class com.app.shared.sales.UserAccess] is set to [FIELD].
[EL Config]: metadata: 2016-01-07 10:55:36.215--ServerSession(2102101653)--Thread(Thread[Test worker,5,main])--The access type for the persistent class [class com.spartan.healthmeter.entity.ZenHealthStatus] is set to [FIELD].
[EL Config]: metadata: 2016-01-07 10:55:36.215--ServerSession(2102101653)--Thread(Thread[Test worker,5,main])--The access type for the persistent class [class com.app.shared.contacts.CommunicationType] is set to [FIELD].
[EL Config]: metadata: 2016-01-07 10:55:36.216--ServerSession(2102101653)--Thread(Thread[Test worker,5,main])--The access type for the persistent class [class com.app.shared.location.City] is set to [FIELD].
[EL Config]: metadata: 2016-01-07 10:55:36.216--ServerSession(2102101653)--Thread(Thread[Test worker,5,main])--The access type for the persistent class [class com.athena.cloud.shared.entity.CloudDriveDefaultTags] is set to [FIELD].
[EL Config]: metadata: 2016-01-07 10:55:36.217--ServerSession(2102101653)--Thread(Thread[Test worker,5,main])--The access type for the persistent class [class com.app.shared.location.AddressExtended] is set to [FIELD].
[EL Config]: metadata: 2016-01-07 10:55:36.217--ServerSession(2102101653)--Thread(Thread[Test worker,5,main])--The access type for the persistent class [class com.app.shared.authentication.PassRecovery] is set to [FIELD].
[EL Config]: metadata: 2016-01-07 10:55:36.218--ServerSession(2102101653)--Thread(Thread[Test worker,5,main])--The target entity (reference) class for the one to one mapping element [field user] is being defaulted to: class com.app.shared.authentication.User.
[EL Config]: metadata: 2016-01-07 10:55:36.218--ServerSession(2102101653)--Thread(Thread[Test worker,5,main])--The access type for the persistent class [class com.app.shared.authorization.RoleMenuBridge] is set to [FIELD].
[EL Config]: metadata: 2016-01-07 10:55:36.218--ServerSession(2102101653)--Thread(Thread[Test worker,5,main])--The target entity (reference) class for the one to one mapping element [field roles] is being defaulted to: class com.app.shared.authorization.Roles.
[EL Config]: metadata: 2016-01-07 10:55:36.219--ServerSession(2102101653)--Thread(Thread[Test worker,5,main])--The access type for the persistent class [class com.athena.shared.entity.query.ArtTableFieldDetails] is set to [FIELD].
[EL Config]: metadata: 2016-01-07 10:55:36.219--ServerSession(2102101653)--Thread(Thread[Test worker,5,main])--The target entity (reference) class for the many to one mapping element [field awsTableDetail] is being defaulted to: class com.athena.shared.entity.query.ArtTableDetails.
[EL Config]: metadata: 2016-01-07 10:55:36.22--ServerSession(2102101653)--Thread(Thread[Test worker,5,main])--The access type for the persistent class [class com.app.shared.location.State] is set to [FIELD].
[EL Config]: metadata: 2016-01-07 10:55:36.221--ServerSession(2102101653)--Thread(Thread[Test worker,5,main])--The access type for the persistent class [class com.app.shared.location.Language] is set to [FIELD].
[EL Config]: metadata: 2016-01-07 10:55:36.221--ServerSession(2102101653)--Thread(Thread[Test worker,5,main])--The access type for the persistent class [class com.app.shared.customers.AppCustomerType] is set to [FIELD].
[EL Config]: metadata: 2016-01-07 10:55:36.222--ServerSession(2102101653)--Thread(Thread[Test worker,5,main])--The access type for the persistent class [class com.spartan.healthmeter.entity.ZenRequestDetails] is set to [FIELD].
[EL Config]: metadata: 2016-01-07 10:55:36.222--ServerSession(2102101653)--Thread(Thread[Test worker,5,main])--The access type for the persistent class [class com.app.shared.sales.Material] is set to [FIELD].
[EL Config]: metadata: 2016-01-07 10:55:36.223--ServerSession(2102101653)--Thread(Thread[Test worker,5,main])--The access type for the persistent class [class com.athena.ruleengine.shared.ArtRules] is set to [FIELD].
[EL Config]: metadata: 2016-01-07 10:55:36.223--ServerSession(2102101653)--Thread(Thread[Test worker,5,main])--The access type for the persistent class [class com.athena.shared.entity.report.ArtReportBuilderDetails] is set to [FIELD].
[EL Config]: metadata: 2016-01-07 10:55:36.224--ServerSession(2102101653)--Thread(Thread[Test worker,5,main])--The access type for the persistent class [class com.app.shared.authentication.UserAccessLevel] is set to [FIELD].
[EL Config]: metadata: 2016-01-07 10:55:36.225--ServerSession(2102101653)--Thread(Thread[Test worker,5,main])--The access type for the persistent class [class com.athena.cloud.shared.entity.CloudDriveTagFiles] is set to [FIELD].
[EL Config]: metadata: 2016-01-07 10:55:36.225--ServerSession(2102101653)--Thread(Thread[Test worker,5,main])--The target entity (reference) class for the one to one mapping element [field tags] is being defaulted to: class com.athena.cloud.shared.entity.CloudDriveTags.
[EL Config]: metadata: 2016-01-07 10:55:36.225--ServerSession(2102101653)--Thread(Thread[Test worker,5,main])--The target entity (reference) class for the one to one mapping element [field file] is being defaulted to: class com.athena.cloud.shared.entity.CloudDriveFiles.
[EL Config]: metadata: 2016-01-07 10:55:36.225--ServerSession(2102101653)--Thread(Thread[Test worker,5,main])--The access type for the persistent class [class com.app.shared.sales.Channel] is set to [FIELD].
[EL Config]: metadata: 2016-01-07 10:55:36.226--ServerSession(2102101653)--Thread(Thread[Test worker,5,main])--The access type for the persistent class [class com.app.shared.location.Address] is set to [FIELD].
[EL Config]: metadata: 2016-01-07 10:55:36.226--ServerSession(2102101653)--Thread(Thread[Test worker,5,main])--The access type for the persistent class [class com.app.shared.location.Timezone] is set to [FIELD].
[EL Config]: metadata: 2016-01-07 10:55:36.227--ServerSession(2102101653)--Thread(Thread[Test worker,5,main])--The access type for the persistent class [class com.spartan.healthmeter.entity.ZenHealthCounter] is set to [FIELD].
[EL Config]: metadata: 2016-01-07 10:55:36.227--ServerSession(2102101653)--Thread(Thread[Test worker,5,main])--The access type for the persistent class [class com.spartan.healthmeter.entity.ZenHealth] is set to [FIELD].
[EL Config]: metadata: 2016-01-07 10:55:36.229--ServerSession(2102101653)--Thread(Thread[Test worker,5,main])--The access type for the persistent class [class com.athena.shared.entity.report.ArtChartDataFieldJson] is set to [FIELD].
[EL Config]: metadata: 2016-01-07 10:55:36.23--ServerSession(2102101653)--Thread(Thread[Test worker,5,main])--The access type for the persistent class [class com.athena.shared.entity.report.ArtReportUI] is set to [FIELD].
[EL Config]: metadata: 2016-01-07 10:55:36.23--ServerSession(2102101653)--Thread(Thread[Test worker,5,main])--The access type for the persistent class [class com.app.shared.authentication.PasswordPolicy] is set to [FIELD].
[EL Config]: metadata: 2016-01-07 10:55:36.231--ServerSession(2102101653)--Thread(Thread[Test worker,5,main])--The access type for the persistent class [class com.app.shared.authentication.User] is set to [FIELD].
[EL Config]: metadata: 2016-01-07 10:55:36.231--ServerSession(2102101653)--Thread(Thread[Test worker,5,main])--The target entity (reference) class for the one to one mapping element [field userData] is being defaulted to: class com.app.shared.authentication.UserData.
[EL Config]: metadata: 2016-01-07 10:55:36.232--ServerSession(2102101653)--Thread(Thread[Test worker,5,main])--The target entity (reference) class for the one to one mapping element [field passRecovery] is being defaulted to: class com.app.shared.authentication.PassRecovery.
[EL Config]: metadata: 2016-01-07 10:55:36.232--ServerSession(2102101653)--Thread(Thread[Test worker,5,main])--The access type for the persistent class [class com.app.shared.customers.AppCustomer] is set to [FIELD].
[EL Config]: metadata: 2016-01-07 10:55:36.233--ServerSession(2102101653)--Thread(Thread[Test worker,5,main])--The access type for the persistent class [class com.app.shared.sales.Distributor] is set to [FIELD].
[EL Config]: metadata: 2016-01-07 10:55:36.233--ServerSession(2102101653)--Thread(Thread[Test worker,5,main])--The access type for the persistent class [class com.app.shared.contacts.Title] is set to [FIELD].
[EL Config]: metadata: 2016-01-07 10:55:36.233--ServerSession(2102101653)--Thread(Thread[Test worker,5,main])--The access type for the persistent class [class com.athena.shared.entity.report.ArtService] is set to [FIELD].
[EL Config]: metadata: 2016-01-07 10:55:36.234--ServerSession(2102101653)--Thread(Thread[Test worker,5,main])--The target entity (reference) class for the one to many mapping element [field artServiceOperations] is being defaulted to: class com.athena.shared.entity.report.ArtServiceOperation.
[EL Config]: metadata: 2016-01-07 10:55:36.234--ServerSession(2102101653)--Thread(Thread[Test worker,5,main])--The access type for the persistent class [class com.athena.server.bean.EntityBean] is set to [FIELD].
[EL Config]: metadata: 2016-01-07 10:55:36.235--ServerSession(2102101653)--Thread(Thread[Test worker,5,main])--The access type for the persistent class [class com.app.shared.sales.SalesRegion] is set to [FIELD].
[EL Config]: metadata: 2016-01-07 10:55:36.235--ServerSession(2102101653)--Thread(Thread[Test worker,5,main])--The access type for the persistent class [class com.athena.shared.entity.query.ArtDatabaseAggregate] is set to [FIELD].
[EL Config]: metadata: 2016-01-07 10:55:36.235--ServerSession(2102101653)--Thread(Thread[Test worker,5,main])--The access type for the persistent class [class com.app.shared.authorization.Roles] is set to [FIELD].
[EL Config]: metadata: 2016-01-07 10:55:36.236--ServerSession(2102101653)--Thread(Thread[Test worker,5,main])--The target entity (reference) class for the one to one mapping element [field roleMenuBridge] is being defaulted to: class com.app.shared.authorization.RoleMenuBridge.
[EL Config]: metadata: 2016-01-07 10:55:36.236--ServerSession(2102101653)--Thread(Thread[Test worker,5,main])--The access type for the persistent class [class com.app.shared.SystemInfo] is set to [FIELD].
[EL Config]: metadata: 2016-01-07 10:55:36.237--ServerSession(2102101653)--Thread(Thread[Test worker,5,main])--The access type for the persistent class [class com.app.shared.EntityAudit] is set to [FIELD].
[EL Config]: metadata: 2016-01-07 10:55:36.244--ServerSession(2102101653)--Thread(Thread[Test worker,5,main])--The alias name for the entity class [class com.athena.shared.entity.query.ArtQuery] is being defaulted to: ArtQuery.
[EL Config]: metadata: 2016-01-07 10:55:36.257--ServerSession(2102101653)--Thread(Thread[Test worker,5,main])--The alias name for the entity class [class com.app.shared.sales.Category] is being defaulted to: Category.
[EL Config]: metadata: 2016-01-07 10:55:36.26--ServerSession(2102101653)--Thread(Thread[Test worker,5,main])--The alias name for the entity class [class com.app.shared.location.Currency] is being defaulted to: Currency.
[EL Config]: metadata: 2016-01-07 10:55:36.261--ServerSession(2102101653)--Thread(Thread[Test worker,5,main])--The alias name for the entity class [class com.athena.shared.entity.query.ArtMenu] is being defaulted to: ArtMenu.
[EL Config]: metadata: 2016-01-07 10:55:36.262--ServerSession(2102101653)--Thread(Thread[Test worker,5,main])--The alias name for the entity class [class com.athena.shared.entity.query.ArtTableEntityRelation] is being defaulted to: ArtTableEntityRelation.
[EL Config]: metadata: 2016-01-07 10:55:36.263--ServerSession(2102101653)--Thread(Thread[Test worker,5,main])--The alias name for the entity class [class com.app.shared.sales.SalesData] is being defaulted to: SalesData.
[EL Config]: metadata: 2016-01-07 10:55:36.264--ServerSession(2102101653)--Thread(Thread[Test worker,5,main])--The alias name for the entity class [class com.app.shared.sales.Brand] is being defaulted to: Brand.
[EL Config]: metadata: 2016-01-07 10:55:36.264--ServerSession(2102101653)--Thread(Thread[Test worker,5,main])--The alias name for the entity class [class com.athena.cloud.shared.entity.CloudDriveTags] is being defaulted to: CloudDriveTags.
[EL Config]: metadata: 2016-01-07 10:55:36.265--ServerSession(2102101653)--Thread(Thread[Test worker,5,main])--The alias name for the entity class [class com.athena.shared.entity.report.ArtServiceOperation] is being defaulted to: ArtServiceOperation.
[EL Config]: metadata: 2016-01-07 10:55:36.266--ServerSession(2102101653)--Thread(Thread[Test worker,5,main])--The alias name for the entity class [class com.athena.shared.entity.report.ArtChartTemplate] is being defaulted to: ArtChartTemplate.
[EL Config]: metadata: 2016-01-07 10:55:36.267--ServerSession(2102101653)--Thread(Thread[Test worker,5,main])--The alias name for the entity class [class com.athena.cloud.shared.entity.CloudDriveFiles] is being defaulted to: CloudDriveFiles.
[EL Config]: metadata: 2016-01-07 10:55:36.267--ServerSession(2102101653)--Thread(Thread[Test worker,5,main])--The alias name for the entity class [class com.athena.shared.entity.query.ArtTableDetails] is being defaulted to: ArtTableDetails.
[EL Config]: metadata: 2016-01-07 10:55:36.268--ServerSession(2102101653)--Thread(Thread[Test worker,5,main])--The alias name for the entity class [class com.app.shared.contacts.CommunicationGroup] is being defaulted to: CommunicationGroup.
[EL Config]: metadata: 2016-01-07 10:55:36.269--ServerSession(2102101653)--Thread(Thread[Test worker,5,main])--The alias name for the entity class [class com.app.shared.location.District] is being defaulted to: District.
[EL Config]: metadata: 2016-01-07 10:55:36.269--ServerSession(2102101653)--Thread(Thread[Test worker,5,main])--The alias name for the entity class [class com.app.shared.authorization.UserRoleBridge] is being defaulted to: UserRoleBridge.
[EL Config]: metadata: 2016-01-07 10:55:36.27--ServerSession(2102101653)--Thread(Thread[Test worker,5,main])--The alias name for the entity class [class com.athena.shared.entity.report.ArtChartCategory] is being defaulted to: ArtChartCategory.
[EL Config]: metadata: 2016-01-07 10:55:36.271--ServerSession(2102101653)--Thread(Thread[Test worker,5,main])--The alias name for the entity class [class com.app.shared.contacts.ContactType] is being defaulted to: ContactType.
[EL Config]: metadata: 2016-01-07 10:55:36.271--ServerSession(2102101653)--Thread(Thread[Test worker,5,main])--The alias name for the entity class [class com.athena.shared.entity.report.ArtChartJson] is being defaulted to: ArtChartJson.
[EL Config]: metadata: 2016-01-07 10:55:36.272--ServerSession(2102101653)--Thread(Thread[Test worker,5,main])--The alias name for the entity class [class com.app.shared.contacts.CommunicationData] is being defaulted to: CommunicationData.
[EL Config]: metadata: 2016-01-07 10:55:36.272--ServerSession(2102101653)--Thread(Thread[Test worker,5,main])--The alias name for the entity class [class com.spartan.healthmeter.entity.ZenHealthGauge] is being defaulted to: ZenHealthGauge.
[EL Config]: metadata: 2016-01-07 10:55:36.273--ServerSession(2102101653)--Thread(Thread[Test worker,5,main])--The alias name for the entity class [class com.app.shared.authentication.Question] is being defaulted to: Question.
[EL Config]: metadata: 2016-01-07 10:55:36.273--ServerSession(2102101653)--Thread(Thread[Test worker,5,main])--The alias name for the entity class [class com.athena.cloud.shared.entity.CloudDriveContentType] is being defaulted to: CloudDriveContentType.
[EL Config]: metadata: 2016-01-07 10:55:36.273--ServerSession(2102101653)--Thread(Thread[Test worker,5,main])--The alias name for the entity class [class com.app.shared.authentication.SessionData] is being defaulted to: SessionData.
[EL Config]: metadata: 2016-01-07 10:55:36.274--ServerSession(2102101653)--Thread(Thread[Test worker,5,main])--The alias name for the entity class [class com.athena.shared.entity.report.ArtChartProperties] is being defaulted to: ArtChartProperties.
[EL Config]: metadata: 2016-01-07 10:55:36.275--ServerSession(2102101653)--Thread(Thread[Test worker,5,main])--The alias name for the entity class [class com.app.shared.location.Country] is being defaulted to: Country.
[EL Config]: metadata: 2016-01-07 10:55:36.275--ServerSession(2102101653)--Thread(Thread[Test worker,5,main])--The alias name for the entity class [class com.athena.shared.entity.query.ArtUserLastStatus] is being defaulted to: ArtUserLastStatus.
[EL Config]: metadata: 2016-01-07 10:55:36.276--ServerSession(2102101653)--Thread(Thread[Test worker,5,main])--The alias name for the entity class [class com.app.shared.location.Village] is being defaulted to: Village.
[EL Config]: metadata: 2016-01-07 10:55:36.277--ServerSession(2102101653)--Thread(Thread[Test worker,5,main])--The alias name for the entity class [class com.athena.shared.entity.query.ArtMasterForm] is being defaulted to: ArtMasterForm.
[EL Config]: metadata: 2016-01-07 10:55:36.278--ServerSession(2102101653)--Thread(Thread[Test worker,5,main])--The alias name for the entity class [class com.app.shared.authentication.Login] is being defaulted to: Login.
[EL Config]: metadata: 2016-01-07 10:55:36.279--ServerSession(2102101653)--Thread(Thread[Test worker,5,main])--The alias name for the entity class [class com.athena.deo.model.AwsExternalIntegration] is being defaulted to: AwsExternalIntegration.
[EL Config]: metadata: 2016-01-07 10:55:36.279--ServerSession(2102101653)--Thread(Thread[Test worker,5,main])--The alias name for the entity class [class com.app.shared.sales.CurrentMonth] is being defaulted to: CurrentMonth.
[EL Config]: metadata: 2016-01-07 10:55:36.28--ServerSession(2102101653)--Thread(Thread[Test worker,5,main])--The alias name for the entity class [class com.athena.shared.entity.query.ArtUserMenu] is being defaulted to: ArtUserMenu.
[EL Warning]: metadata: 2016-01-07 10:55:36.281--ServerSession(2102101653)--Thread(Thread[Test worker,5,main])--You have specified multiple ids for the entity class [com.athena.shared.entity.query.ArtUserMenu] without specifying an @IdClass. By doing this you may lose the ability to find by identity, distributed cache support etc. Note: You may however use entity manager find operations by passing a list of primary key fields. Else, you will have to use JPQL queries to read your entities. For other id options see @PrimaryKey.
[EL Config]: metadata: 2016-01-07 10:55:36.281--ServerSession(2102101653)--Thread(Thread[Test worker,5,main])--The alias name for the entity class [class com.athena.cloud.shared.entity.CloudDriveTagShared] is being defaulted to: CloudDriveTagShared.
[EL Config]: metadata: 2016-01-07 10:55:36.281--ServerSession(2102101653)--Thread(Thread[Test worker,5,main])--The column name for element [id] is being defaulted to: ID.
[EL Config]: metadata: 2016-01-07 10:55:36.281--ServerSession(2102101653)--Thread(Thread[Test worker,5,main])--The alias name for the entity class [class com.app.shared.authorization.AppMenus] is being defaulted to: AppMenus.
[EL Config]: metadata: 2016-01-07 10:55:36.282--ServerSession(2102101653)--Thread(Thread[Test worker,5,main])--The alias name for the entity class [class com.app.shared.location.Taluka] is being defaulted to: Taluka.
[EL Config]: metadata: 2016-01-07 10:55:36.282--ServerSession(2102101653)--Thread(Thread[Test worker,5,main])--The alias name for the entity class [class com.spartan.healthmeter.entity.HealthSchedulerConfiguration] is being defaulted to: HealthSchedulerConfiguration.
[EL Config]: metadata: 2016-01-07 10:55:36.283--ServerSession(2102101653)--Thread(Thread[Test worker,5,main])--The alias name for the entity class [class com.athena.cloud.shared.entity.CloudDriveFileVersion] is being defaulted to: CloudDriveFileVersion.
[EL Config]: metadata: 2016-01-07 10:55:36.283--ServerSession(2102101653)--Thread(Thread[Test worker,5,main])--The alias name for the entity class [class com.app.shared.authentication.UserData] is being defaulted to: UserData.
[EL Config]: metadata: 2016-01-07 10:55:36.283--ServerSession(2102101653)--Thread(Thread[Test worker,5,main])--The alias name for the entity class [class com.spartan.healthmeter.entity.ZenSchedulerHealth] is being defaulted to: ZenSchedulerHealth.
[EL Config]: metadata: 2016-01-07 10:55:36.284--ServerSession(2102101653)--Thread(Thread[Test worker,5,main])--The alias name for the entity class [class com.athena.shared.entity.report.ArtChartType] is being defaulted to: ArtChartType.
[EL Config]: metadata: 2016-01-07 10:55:36.285--ServerSession(2102101653)--Thread(Thread[Test worker,5,main])--The alias name for the entity class [class com.app.shared.customers.AppCustomerCategory] is being defaulted to: AppCustomerCategory.
[EL Config]: metadata: 2016-01-07 10:55:36.285--ServerSession(2102101653)--Thread(Thread[Test worker,5,main])--The alias name for the entity class [class com.app.shared.contacts.Gender] is being defaulted to: Gender.
[EL Config]: metadata: 2016-01-07 10:55:36.285--ServerSession(2102101653)--Thread(Thread[Test worker,5,main])--The alias name for the entity class [class com.app.shared.contacts.CoreContacts] is being defaulted to: CoreContacts.
[EL Config]: metadata: 2016-01-07 10:55:36.286--ServerSession(2102101653)--Thread(Thread[Test worker,5,main])--The alias name for the entity class [class com.app.shared.authentication.LoginSession] is being defaulted to: LoginSession.
[EL Config]: metadata: 2016-01-07 10:55:36.287--ServerSession(2102101653)--Thread(Thread[Test worker,5,main])--The alias name for the entity class [class com.athena.shared.entity.query.ArtDatabaseFunction] is being defaulted to: ArtDatabaseFunction.
[EL Config]: metadata: 2016-01-07 10:55:36.287--ServerSession(2102101653)--Thread(Thread[Test worker,5,main])--The alias name for the entity class [class com.athena.shared.entity.report.ArtChartPropLanguage] is being defaulted to: ArtChartPropLanguage.
[EL Config]: metadata: 2016-01-07 10:55:36.287--ServerSession(2102101653)--Thread(Thread[Test worker,5,main])--The alias name for the entity class [class com.spartan.shield.server.entity.AppSessionConfig] is being defaulted to: AppSessionConfig.
[EL Config]: metadata: 2016-01-07 10:55:36.288--ServerSession(2102101653)--Thread(Thread[Test worker,5,main])--The alias name for the entity class [class com.athena.shared.entity.report.ArtLangMaster] is being defaulted to: ArtLangMaster.
[EL Config]: metadata: 2016-01-07 10:55:36.288--ServerSession(2102101653)--Thread(Thread[Test worker,5,main])--The alias name for the entity class [class com.app.shared.location.Region] is being defaulted to: Region.
[EL Config]: metadata: 2016-01-07 10:55:36.289--ServerSession(2102101653)--Thread(Thread[Test worker,5,main])--The alias name for the entity class [class com.athena.shared.entity.query.ArtDatabaseOperators] is being defaulted to: ArtDatabaseOperators.
[EL Config]: metadata: 2016-01-07 10:55:36.289--ServerSession(2102101653)--Thread(Thread[Test worker,5,main])--The alias name for the entity class [class com.app.shared.sales.Retailer] is being defaulted to: Retailer.
[EL Config]: metadata: 2016-01-07 10:55:36.289--ServerSession(2102101653)--Thread(Thread[Test worker,5,main])--The alias name for the entity class [class com.app.shared.authentication.PasswordAlgo] is being defaulted to: PasswordAlgo.
[EL Config]: metadata: 2016-01-07 10:55:36.29--ServerSession(2102101653)--Thread(Thread[Test worker,5,main])--The alias name for the entity class [class com.athena.cloud.shared.entity.CloudDriveFileShared] is being defaulted to: CloudDriveFileShared.
[EL Config]: metadata: 2016-01-07 10:55:36.29--ServerSession(2102101653)--Thread(Thread[Test worker,5,main])--The column name for element [id] is being defaulted to: ID.
[EL Config]: metadata: 2016-01-07 10:55:36.29--ServerSession(2102101653)--Thread(Thread[Test worker,5,main])--The alias name for the entity class [class com.app.shared.authentication.UserAccessDomain] is being defaulted to: UserAccessDomain.
[EL Config]: metadata: 2016-01-07 10:55:36.29--ServerSession(2102101653)--Thread(Thread[Test worker,5,main])--The alias name for the entity class [class com.app.shared.location.AddressType] is being defaulted to: AddressType.
[EL Config]: metadata: 2016-01-07 10:55:36.291--ServerSession(2102101653)--Thread(Thread[Test worker,5,main])--The alias name for the entity class [class com.app.shared.sales.UserAccess] is being defaulted to: UserAccess.
[EL Config]: metadata: 2016-01-07 10:55:36.291--ServerSession(2102101653)--Thread(Thread[Test worker,5,main])--The alias name for the entity class [class com.spartan.healthmeter.entity.ZenHealthStatus] is being defaulted to: ZenHealthStatus.
[EL Config]: metadata: 2016-01-07 10:55:36.291--ServerSession(2102101653)--Thread(Thread[Test worker,5,main])--The alias name for the entity class [class com.app.shared.contacts.CommunicationType] is being defaulted to: CommunicationType.
[EL Config]: metadata: 2016-01-07 10:55:36.292--ServerSession(2102101653)--Thread(Thread[Test worker,5,main])--The alias name for the entity class [class com.app.shared.location.City] is being defaulted to: City.
[EL Config]: metadata: 2016-01-07 10:55:36.292--ServerSession(2102101653)--Thread(Thread[Test worker,5,main])--The alias name for the entity class [class com.athena.cloud.shared.entity.CloudDriveDefaultTags] is being defaulted to: CloudDriveDefaultTags.
[EL Config]: metadata: 2016-01-07 10:55:36.292--ServerSession(2102101653)--Thread(Thread[Test worker,5,main])--The alias name for the entity class [class com.app.shared.location.AddressExtended] is being defaulted to: AddressExtended.
[EL Config]: metadata: 2016-01-07 10:55:36.293--ServerSession(2102101653)--Thread(Thread[Test worker,5,main])--The alias name for the entity class [class com.app.shared.authentication.PassRecovery] is being defaulted to: PassRecovery.
[EL Config]: metadata: 2016-01-07 10:55:36.293--ServerSession(2102101653)--Thread(Thread[Test worker,5,main])--The alias name for the entity class [class com.app.shared.authorization.RoleMenuBridge] is being defaulted to: RoleMenuBridge.
[EL Config]: metadata: 2016-01-07 10:55:36.293--ServerSession(2102101653)--Thread(Thread[Test worker,5,main])--The alias name for the entity class [class com.athena.shared.entity.query.ArtTableFieldDetails] is being defaulted to: ArtTableFieldDetails.
[EL Config]: metadata: 2016-01-07 10:55:36.295--ServerSession(2102101653)--Thread(Thread[Test worker,5,main])--The alias name for the entity class [class com.app.shared.location.State] is being defaulted to: State.
[EL Config]: metadata: 2016-01-07 10:55:36.295--ServerSession(2102101653)--Thread(Thread[Test worker,5,main])--The alias name for the entity class [class com.app.shared.location.Language] is being defaulted to: Language.
[EL Config]: metadata: 2016-01-07 10:55:36.296--ServerSession(2102101653)--Thread(Thread[Test worker,5,main])--The alias name for the entity class [class com.app.shared.customers.AppCustomerType] is being defaulted to: AppCustomerType.
[EL Config]: metadata: 2016-01-07 10:55:36.297--ServerSession(2102101653)--Thread(Thread[Test worker,5,main])--The alias name for the entity class [class com.spartan.healthmeter.entity.ZenRequestDetails] is being defaulted to: ZenRequestDetails.
[EL Config]: metadata: 2016-01-07 10:55:36.297--ServerSession(2102101653)--Thread(Thread[Test worker,5,main])--The alias name for the entity class [class com.app.shared.sales.Material] is being defaulted to: Material.
[EL Config]: metadata: 2016-01-07 10:55:36.298--ServerSession(2102101653)--Thread(Thread[Test worker,5,main])--The alias name for the entity class [class com.athena.ruleengine.shared.ArtRules] is being defaulted to: ArtRules.
[EL Config]: metadata: 2016-01-07 10:55:36.299--ServerSession(2102101653)--Thread(Thread[Test worker,5,main])--The alias name for the entity class [class com.athena.shared.entity.report.ArtReportBuilderDetails] is being defaulted to: ArtReportBuilderDetails.
[EL Config]: metadata: 2016-01-07 10:55:36.3--ServerSession(2102101653)--Thread(Thread[Test worker,5,main])--The alias name for the entity class [class com.app.shared.authentication.UserAccessLevel] is being defaulted to: UserAccessLevel.
[EL Config]: metadata: 2016-01-07 10:55:36.3--ServerSession(2102101653)--Thread(Thread[Test worker,5,main])--The alias name for the entity class [class com.athena.cloud.shared.entity.CloudDriveTagFiles] is being defaulted to: CloudDriveTagFiles.
[EL Config]: metadata: 2016-01-07 10:55:36.3--ServerSession(2102101653)--Thread(Thread[Test worker,5,main])--The column name for element [id] is being defaulted to: ID.
[EL Config]: metadata: 2016-01-07 10:55:36.301--ServerSession(2102101653)--Thread(Thread[Test worker,5,main])--The alias name for the entity class [class com.app.shared.sales.Channel] is being defaulted to: Channel.
[EL Config]: metadata: 2016-01-07 10:55:36.301--ServerSession(2102101653)--Thread(Thread[Test worker,5,main])--The alias name for the entity class [class com.app.shared.location.Address] is being defaulted to: Address.
[EL Config]: metadata: 2016-01-07 10:55:36.302--ServerSession(2102101653)--Thread(Thread[Test worker,5,main])--The alias name for the entity class [class com.app.shared.location.Timezone] is being defaulted to: Timezone.
[EL Config]: metadata: 2016-01-07 10:55:36.302--ServerSession(2102101653)--Thread(Thread[Test worker,5,main])--The alias name for the entity class [class com.spartan.healthmeter.entity.ZenHealthCounter] is being defaulted to: ZenHealthCounter.
[EL Config]: metadata: 2016-01-07 10:55:36.303--ServerSession(2102101653)--Thread(Thread[Test worker,5,main])--The alias name for the entity class [class com.spartan.healthmeter.entity.ZenHealth] is being defaulted to: ZenHealth.
[EL Config]: metadata: 2016-01-07 10:55:36.304--ServerSession(2102101653)--Thread(Thread[Test worker,5,main])--The alias name for the entity class [class com.athena.shared.entity.report.ArtChartDataFieldJson] is being defaulted to: ArtChartDataFieldJson.
[EL Config]: metadata: 2016-01-07 10:55:36.305--ServerSession(2102101653)--Thread(Thread[Test worker,5,main])--The alias name for the entity class [class com.athena.shared.entity.report.ArtReportUI] is being defaulted to: ArtReportUI.
[EL Config]: metadata: 2016-01-07 10:55:36.306--ServerSession(2102101653)--Thread(Thread[Test worker,5,main])--The alias name for the entity class [class com.app.shared.authentication.PasswordPolicy] is being defaulted to: PasswordPolicy.
[EL Config]: metadata: 2016-01-07 10:55:36.307--ServerSession(2102101653)--Thread(Thread[Test worker,5,main])--The alias name for the entity class [class com.app.shared.authentication.User] is being defaulted to: User.
[EL Config]: metadata: 2016-01-07 10:55:36.308--ServerSession(2102101653)--Thread(Thread[Test worker,5,main])--The alias name for the entity class [class com.app.shared.customers.AppCustomer] is being defaulted to: AppCustomer.
[EL Config]: metadata: 2016-01-07 10:55:36.308--ServerSession(2102101653)--Thread(Thread[Test worker,5,main])--The alias name for the entity class [class com.app.shared.sales.Distributor] is being defaulted to: Distributor.
[EL Config]: metadata: 2016-01-07 10:55:36.309--ServerSession(2102101653)--Thread(Thread[Test worker,5,main])--The alias name for the entity class [class com.app.shared.contacts.Title] is being defaulted to: Title.
[EL Config]: metadata: 2016-01-07 10:55:36.309--ServerSession(2102101653)--Thread(Thread[Test worker,5,main])--The alias name for the entity class [class com.athena.shared.entity.report.ArtService] is being defaulted to: ArtService.
[EL Config]: metadata: 2016-01-07 10:55:36.31--ServerSession(2102101653)--Thread(Thread[Test worker,5,main])--The alias name for the entity class [class com.athena.server.bean.EntityBean] is being defaulted to: EntityBean.
[EL Config]: metadata: 2016-01-07 10:55:36.31--ServerSession(2102101653)--Thread(Thread[Test worker,5,main])--The table name for entity [class com.athena.server.bean.EntityBean] is being defaulted to: ENTITYBEAN.
[EL Config]: metadata: 2016-01-07 10:55:36.31--ServerSession(2102101653)--Thread(Thread[Test worker,5,main])--The column name for element [id] is being defaulted to: ID.
[EL Config]: metadata: 2016-01-07 10:55:36.31--ServerSession(2102101653)--Thread(Thread[Test worker,5,main])--The column name for element [name] is being defaulted to: NAME.
[EL Config]: metadata: 2016-01-07 10:55:36.311--ServerSession(2102101653)--Thread(Thread[Test worker,5,main])--The column name for element [fields] is being defaulted to: FIELDS.
[EL Config]: metadata: 2016-01-07 10:55:36.313--ServerSession(2102101653)--Thread(Thread[Test worker,5,main])--The alias name for the entity class [class com.app.shared.sales.SalesRegion] is being defaulted to: SalesRegion.
[EL Config]: metadata: 2016-01-07 10:55:36.313--ServerSession(2102101653)--Thread(Thread[Test worker,5,main])--The alias name for the entity class [class com.athena.shared.entity.query.ArtDatabaseAggregate] is being defaulted to: ArtDatabaseAggregate.
[EL Config]: metadata: 2016-01-07 10:55:36.314--ServerSession(2102101653)--Thread(Thread[Test worker,5,main])--The alias name for the entity class [class com.app.shared.authorization.Roles] is being defaulted to: Roles.
[EL Config]: metadata: 2016-01-07 10:55:36.327--ServerSession(2102101653)--Thread(Thread[Test worker,5,main])--The primary key column name for the mapping element [field artservice] is being defaulted to: service_id.
[EL Config]: metadata: 2016-01-07 10:55:36.343--ServerSession(2102101653)--Thread(Thread[Test worker,5,main])--The primary key column name for the mapping element [field contentType] is being defaulted to: file_mime_type.
[EL Config]: metadata: 2016-01-07 10:55:36.344--ServerSession(2102101653)--Thread(Thread[Test worker,5,main])--The primary key column name for the mapping element [field file] is being defaulted to: file_id.
[EL Config]: metadata: 2016-01-07 10:55:36.347--ServerSession(2102101653)--Thread(Thread[Test worker,5,main])--The primary key column name for the mapping element [field file] is being defaulted to: file_id.
[EL Config]: metadata: 2016-01-07 10:55:36.347--ServerSession(2102101653)--Thread(Thread[Test worker,5,main])--The primary key column name for the mapping element [field file] is being defaulted to: file_id.
[EL Info]: 2016-01-07 10:55:36.933--ServerSession(2102101653)--Thread(Thread[Test worker,5,main])--EclipseLink, version: Eclipse Persistence Services - 2.5.1.v20130918-f2b9fc5
[EL Fine]: connection: 2016-01-07 10:55:37.128--Thread(Thread[Test worker,5,main])--Detected database platform: org.eclipse.persistence.platform.database.MySQLPlatform
[EL Config]: connection: 2016-01-07 10:55:37.14--ServerSession(2102101653)--Connection(1554347698)--Thread(Thread[Test worker,5,main])--connecting(DatabaseLogin(
	platform=>MySQLPlatform
	user name=> "salesdapp"
	datasource URL=> "jdbc:mysql://localhost:3306/salesdapp"
))
[EL Config]: connection: 2016-01-07 10:55:37.146--ServerSession(2102101653)--Connection(88958877)--Thread(Thread[Test worker,5,main])--Connected: jdbc:mysql://localhost:3306/salesdapp
	User: salesdapp@172.17.0.5
	Database: MySQL  Version: 5.7.7-rc
	Driver: MySQL Connector Java  Version: mysql-connector-java-5.1.31 ( Revision: alexander.soklakov@oracle.com-20140520065950-groqzzbvxprqdmnz )
[EL Config]: connection: 2016-01-07 10:55:37.146--ServerSession(2102101653)--Connection(483227427)--Thread(Thread[Test worker,5,main])--connecting(DatabaseLogin(
	platform=>MySQLPlatform
	user name=> "salesdapp"
	datasource URL=> "jdbc:mysql://localhost:3306/salesdapp"
))
[EL Config]: connection: 2016-01-07 10:55:37.15--ServerSession(2102101653)--Connection(697031683)--Thread(Thread[Test worker,5,main])--Connected: jdbc:mysql://localhost:3306/salesdapp
	User: salesdapp@172.17.0.5
	Database: MySQL  Version: 5.7.7-rc
	Driver: MySQL Connector Java  Version: mysql-connector-java-5.1.31 ( Revision: alexander.soklakov@oracle.com-20140520065950-groqzzbvxprqdmnz )
[EL Config]: connection: 2016-01-07 10:55:37.15--ServerSession(2102101653)--Connection(488201796)--Thread(Thread[Test worker,5,main])--connecting(DatabaseLogin(
	platform=>MySQLPlatform
	user name=> "salesdapp"
	datasource URL=> "jdbc:mysql://localhost:3306/salesdapp"
))
[EL Config]: connection: 2016-01-07 10:55:37.155--ServerSession(2102101653)--Connection(331956746)--Thread(Thread[Test worker,5,main])--Connected: jdbc:mysql://localhost:3306/salesdapp
	User: salesdapp@172.17.0.5
	Database: MySQL  Version: 5.7.7-rc
	Driver: MySQL Connector Java  Version: mysql-connector-java-5.1.31 ( Revision: alexander.soklakov@oracle.com-20140520065950-groqzzbvxprqdmnz )
[EL Config]: connection: 2016-01-07 10:55:37.155--ServerSession(2102101653)--Connection(34515116)--Thread(Thread[Test worker,5,main])--connecting(DatabaseLogin(
	platform=>MySQLPlatform
	user name=> "salesdapp"
	datasource URL=> "jdbc:mysql://localhost:3306/salesdapp"
))
[EL Config]: connection: 2016-01-07 10:55:37.16--ServerSession(2102101653)--Connection(828538854)--Thread(Thread[Test worker,5,main])--Connected: jdbc:mysql://localhost:3306/salesdapp
	User: salesdapp@172.17.0.5
	Database: MySQL  Version: 5.7.7-rc
	Driver: MySQL Connector Java  Version: mysql-connector-java-5.1.31 ( Revision: alexander.soklakov@oracle.com-20140520065950-groqzzbvxprqdmnz )
[EL Config]: connection: 2016-01-07 10:55:37.16--ServerSession(2102101653)--Connection(968552030)--Thread(Thread[Test worker,5,main])--connecting(DatabaseLogin(
	platform=>MySQLPlatform
	user name=> "salesdapp"
	datasource URL=> "jdbc:mysql://localhost:3306/salesdapp"
))
[EL Config]: connection: 2016-01-07 10:55:37.165--ServerSession(2102101653)--Connection(1149143094)--Thread(Thread[Test worker,5,main])--Connected: jdbc:mysql://localhost:3306/salesdapp
	User: salesdapp@172.17.0.5
	Database: MySQL  Version: 5.7.7-rc
	Driver: MySQL Connector Java  Version: mysql-connector-java-5.1.31 ( Revision: alexander.soklakov@oracle.com-20140520065950-groqzzbvxprqdmnz )
[EL Config]: connection: 2016-01-07 10:55:37.165--ServerSession(2102101653)--Connection(1327543387)--Thread(Thread[Test worker,5,main])--connecting(DatabaseLogin(
	platform=>MySQLPlatform
	user name=> "salesdapp"
	datasource URL=> "jdbc:mysql://localhost:3306/salesdapp"
))
[EL Config]: connection: 2016-01-07 10:55:37.17--ServerSession(2102101653)--Connection(321035985)--Thread(Thread[Test worker,5,main])--Connected: jdbc:mysql://localhost:3306/salesdapp
	User: salesdapp@172.17.0.5
	Database: MySQL  Version: 5.7.7-rc
	Driver: MySQL Connector Java  Version: mysql-connector-java-5.1.31 ( Revision: alexander.soklakov@oracle.com-20140520065950-groqzzbvxprqdmnz )
[EL Config]: connection: 2016-01-07 10:55:37.17--ServerSession(2102101653)--Connection(1172878631)--Thread(Thread[Test worker,5,main])--connecting(DatabaseLogin(
	platform=>MySQLPlatform
	user name=> "salesdapp"
	datasource URL=> "jdbc:mysql://localhost:3306/salesdapp"
))
[EL Config]: connection: 2016-01-07 10:55:37.175--ServerSession(2102101653)--Connection(132213889)--Thread(Thread[Test worker,5,main])--Connected: jdbc:mysql://localhost:3306/salesdapp
	User: salesdapp@172.17.0.5
	Database: MySQL  Version: 5.7.7-rc
	Driver: MySQL Connector Java  Version: mysql-connector-java-5.1.31 ( Revision: alexander.soklakov@oracle.com-20140520065950-groqzzbvxprqdmnz )
[EL Config]: connection: 2016-01-07 10:55:37.175--ServerSession(2102101653)--Connection(1620741425)--Thread(Thread[Test worker,5,main])--connecting(DatabaseLogin(
	platform=>MySQLPlatform
	user name=> "salesdapp"
	datasource URL=> "jdbc:mysql://localhost:3306/salesdapp"
))
[EL Config]: connection: 2016-01-07 10:55:37.179--ServerSession(2102101653)--Connection(1195530893)--Thread(Thread[Test worker,5,main])--Connected: jdbc:mysql://localhost:3306/salesdapp
	User: salesdapp@172.17.0.5
	Database: MySQL  Version: 5.7.7-rc
	Driver: MySQL Connector Java  Version: mysql-connector-java-5.1.31 ( Revision: alexander.soklakov@oracle.com-20140520065950-groqzzbvxprqdmnz )
[EL Config]: connection: 2016-01-07 10:55:37.179--ServerSession(2102101653)--Connection(1430717319)--Thread(Thread[Test worker,5,main])--connecting(DatabaseLogin(
	platform=>MySQLPlatform
	user name=> "salesdapp"
	datasource URL=> "jdbc:mysql://localhost:3306/salesdapp"
))
[EL Config]: connection: 2016-01-07 10:55:37.184--ServerSession(2102101653)--Connection(1205544159)--Thread(Thread[Test worker,5,main])--Connected: jdbc:mysql://localhost:3306/salesdapp
	User: salesdapp@172.17.0.5
	Database: MySQL  Version: 5.7.7-rc
	Driver: MySQL Connector Java  Version: mysql-connector-java-5.1.31 ( Revision: alexander.soklakov@oracle.com-20140520065950-groqzzbvxprqdmnz )
[EL Config]: connection: 2016-01-07 10:55:37.184--ServerSession(2102101653)--Connection(72470868)--Thread(Thread[Test worker,5,main])--connecting(DatabaseLogin(
	platform=>MySQLPlatform
	user name=> "salesdapp"
	datasource URL=> "jdbc:mysql://localhost:3306/salesdapp"
))
[EL Config]: connection: 2016-01-07 10:55:37.189--ServerSession(2102101653)--Connection(294681952)--Thread(Thread[Test worker,5,main])--Connected: jdbc:mysql://localhost:3306/salesdapp
	User: salesdapp@172.17.0.5
	Database: MySQL  Version: 5.7.7-rc
	Driver: MySQL Connector Java  Version: mysql-connector-java-5.1.31 ( Revision: alexander.soklakov@oracle.com-20140520065950-groqzzbvxprqdmnz )
[EL Config]: connection: 2016-01-07 10:55:37.189--ServerSession(2102101653)--Connection(622277282)--Thread(Thread[Test worker,5,main])--connecting(DatabaseLogin(
	platform=>MySQLPlatform
	user name=> "salesdapp"
	datasource URL=> "jdbc:mysql://localhost:3306/salesdapp"
))
[EL Config]: connection: 2016-01-07 10:55:37.194--ServerSession(2102101653)--Connection(935214904)--Thread(Thread[Test worker,5,main])--Connected: jdbc:mysql://localhost:3306/salesdapp
	User: salesdapp@172.17.0.5
	Database: MySQL  Version: 5.7.7-rc
	Driver: MySQL Connector Java  Version: mysql-connector-java-5.1.31 ( Revision: alexander.soklakov@oracle.com-20140520065950-groqzzbvxprqdmnz )
[EL Config]: connection: 2016-01-07 10:55:37.194--ServerSession(2102101653)--Connection(724079135)--Thread(Thread[Test worker,5,main])--connecting(DatabaseLogin(
	platform=>MySQLPlatform
	user name=> "salesdapp"
	datasource URL=> "jdbc:mysql://localhost:3306/salesdapp"
))
[EL Config]: connection: 2016-01-07 10:55:37.198--ServerSession(2102101653)--Connection(905686470)--Thread(Thread[Test worker,5,main])--Connected: jdbc:mysql://localhost:3306/salesdapp
	User: salesdapp@172.17.0.5
	Database: MySQL  Version: 5.7.7-rc
	Driver: MySQL Connector Java  Version: mysql-connector-java-5.1.31 ( Revision: alexander.soklakov@oracle.com-20140520065950-groqzzbvxprqdmnz )
[EL Config]: connection: 2016-01-07 10:55:37.198--ServerSession(2102101653)--Connection(508411354)--Thread(Thread[Test worker,5,main])--connecting(DatabaseLogin(
	platform=>MySQLPlatform
	user name=> "salesdapp"
	datasource URL=> "jdbc:mysql://localhost:3306/salesdapp"
))
[EL Config]: connection: 2016-01-07 10:55:37.203--ServerSession(2102101653)--Connection(1158697156)--Thread(Thread[Test worker,5,main])--Connected: jdbc:mysql://localhost:3306/salesdapp
	User: salesdapp@172.17.0.5
	Database: MySQL  Version: 5.7.7-rc
	Driver: MySQL Connector Java  Version: mysql-connector-java-5.1.31 ( Revision: alexander.soklakov@oracle.com-20140520065950-groqzzbvxprqdmnz )
[EL Config]: connection: 2016-01-07 10:55:37.203--ServerSession(2102101653)--Connection(841389896)--Thread(Thread[Test worker,5,main])--connecting(DatabaseLogin(
	platform=>MySQLPlatform
	user name=> "salesdapp"
	datasource URL=> "jdbc:mysql://localhost:3306/salesdapp"
))
[EL Config]: connection: 2016-01-07 10:55:37.208--ServerSession(2102101653)--Connection(1027425690)--Thread(Thread[Test worker,5,main])--Connected: jdbc:mysql://localhost:3306/salesdapp
	User: salesdapp@172.17.0.5
	Database: MySQL  Version: 5.7.7-rc
	Driver: MySQL Connector Java  Version: mysql-connector-java-5.1.31 ( Revision: alexander.soklakov@oracle.com-20140520065950-groqzzbvxprqdmnz )
[EL Config]: connection: 2016-01-07 10:55:37.208--ServerSession(2102101653)--Connection(27566303)--Thread(Thread[Test worker,5,main])--connecting(DatabaseLogin(
	platform=>MySQLPlatform
	user name=> "salesdapp"
	datasource URL=> "jdbc:mysql://localhost:3306/salesdapp"
))
[EL Config]: connection: 2016-01-07 10:55:37.214--ServerSession(2102101653)--Connection(1181337239)--Thread(Thread[Test worker,5,main])--Connected: jdbc:mysql://localhost:3306/salesdapp
	User: salesdapp@172.17.0.5
	Database: MySQL  Version: 5.7.7-rc
	Driver: MySQL Connector Java  Version: mysql-connector-java-5.1.31 ( Revision: alexander.soklakov@oracle.com-20140520065950-groqzzbvxprqdmnz )
[EL Config]: connection: 2016-01-07 10:55:37.214--ServerSession(2102101653)--Connection(1181337239)--Thread(Thread[Test worker,5,main])--disconnect
[EL Warning]: metadata: 2016-01-07 10:55:37.221--ServerSession(2102101653)--Thread(Thread[Test worker,5,main])--Reverting the lazy setting on the OneToOne or ManyToOne attribute [user] for the entity class [class com.app.shared.authentication.UserData] since weaving was not enabled or did not occur.
[EL Warning]: metadata: 2016-01-07 10:55:37.224--ServerSession(2102101653)--Thread(Thread[Test worker,5,main])--Reverting the lazy setting on the OneToOne or ManyToOne attribute [timezone] for the entity class [class com.app.shared.contacts.CoreContacts] since weaving was not enabled or did not occur.
[EL Warning]: metadata: 2016-01-07 10:55:37.226--ServerSession(2102101653)--Thread(Thread[Test worker,5,main])--Reverting the lazy setting on the OneToOne or ManyToOne attribute [coreContacts] for the entity class [class com.app.shared.authentication.Login] since weaving was not enabled or did not occur.
[EL Warning]: metadata: 2016-01-07 10:55:37.226--ServerSession(2102101653)--Thread(Thread[Test worker,5,main])--Reverting the lazy setting on the OneToOne or ManyToOne attribute [user] for the entity class [class com.app.shared.authentication.Login] since weaving was not enabled or did not occur.
[EL Warning]: metadata: 2016-01-07 10:55:37.226--ServerSession(2102101653)--Thread(Thread[Test worker,5,main])--Reverting the lazy setting on the OneToOne or ManyToOne attribute [user] for the entity class [class com.app.shared.authentication.PassRecovery] since weaving was not enabled or did not occur.
[EL Info]: connection: 2016-01-07 10:55:37.421--ServerSession(2102101653)--Thread(Thread[Test worker,5,main])--file:/home/applifire/workspace/salesdemoapp/build/resources/main_salesdemoapp login successful
NOTIFYING OBSERVERS
notification received to observer
Queue manager defined with queue type 0 and size 100000
Event Queue Consumer started
inside Disk Health
came in healthmeter bean
came in initHealth
 Queue manager qType : 0
 Queue manager qSize : 10000
Queue manager defined with queue type 0 and size 10000
Event Queue Consumer started
+++++++++++++++++++++++++++++++++++++++++++++++++++++++++++++++
creating bean JpqlToSqlConfig
In around applifire repository aspect
[EL Fine]: sql: 2016-01-07 10:55:41.592--ClientSession(203423019)--Connection(1027425690)--Thread(Thread[Test worker,5,main])--SELECT query_id, active_status, app_creator_id, created_by, created_date, hidden_name, jpql_query, name, project_id, project_version_id, query_json, query_type, sql_query, updated_by, updated_date, user_access, version_id FROM art_query WHERE ((active_status = ?) AND (sql_query IS NULL))
	bind => [true]
[EL Config]: connection: 2016-01-07 10:55:41.596--ServerSession(2102101653)--Connection(1027425690)--Thread(Thread[Test worker,5,main])--disconnect
Thu Jan 07 16:25:41 IST 2016|DH-TP|***.***.***| appLogger : Starting all DataHandler Worker Threads.....
came in myClass bean
In around repository aspect
[EL Fine]: sql: 2016-01-07 10:55:44.79--ClientSession(985578495)--Connection(1158697156)--Thread(Thread[Test worker,5,main])--INSERT INTO ast_Category_M (categoryId, category, versionId, createdBy, createdDate, updatedBy, updatedDate, activeStatus, txnAccessCode) VALUES (?, ?, ?, ?, ?, ?, ?, ?, ?)
	bind => [92129468-F46F-497B-9142-9322C3A84839, JfAZ0NTMuw3h1ff67BSzZYYsGbZfsebPlBeGBn16EFAGwyIqKo, 1, AAAAA, 2016-01-07 16:25:44.753, null, 2016-01-07 16:25:44.753, 1, null]
[EL Config]: connection: 2016-01-07 10:55:44.988--ServerSession(2102101653)--Connection(1158697156)--Thread(Thread[Test worker,5,main])--disconnect
Setting logged in user info for ADD
In around repository aspect
[EL Fine]: sql: 2016-01-07 10:55:45.043--ClientSession(639033317)--Connection(905686470)--Thread(Thread[Test worker,5,main])--INSERT INTO ast_Brand_M (brandcode, branddesc, categoryId, versionId, createdBy, createdDate, updatedBy, updatedDate, activeStatus, txnAccessCode) VALUES (?, ?, ?, ?, ?, ?, ?, ?, ?, ?)
	bind => [F0EE0D48-EB8F-4EBE-83FA-33CE8DB08B96, nXAAZJQTmevuSW6IwPu2X05ZbML6PDFe6GLQBkoEX47VILomnw, 92129468-F46F-497B-9142-9322C3A84839, 1, AAAAA, 2016-01-07 16:25:44.989, null, 2016-01-07 16:25:44.989, 1, null]
[EL Config]: connection: 2016-01-07 10:55:45.146--ServerSession(2102101653)--Connection(905686470)--Thread(Thread[Test worker,5,main])--disconnect
In around repository aspect
[EL Fine]: sql: 2016-01-07 10:55:45.165--ClientSession(210012375)--Connection(935214904)--Thread(Thread[Test worker,5,main])--SELECT brandcode, branddesc, categoryId, versionId, createdBy, createdDate, updatedBy, updatedDate, activeStatus, txnAccessCode FROM ast_Brand_M WHERE ((activeStatus = ?) AND (brandcode = ?))
	bind => [1, F0EE0D48-EB8F-4EBE-83FA-33CE8DB08B96]
[EL Config]: connection: 2016-01-07 10:55:45.168--ServerSession(2102101653)--Connection(935214904)--Thread(Thread[Test worker,5,main])--disconnect
Setting logged in user info for UPDATE
In around repository aspect
[EL Fine]: sql: 2016-01-07 10:55:45.172--ClientSession(1682216449)--Connection(294681952)--Thread(Thread[Test worker,5,main])--SELECT brandcode, branddesc, categoryId, versionId, createdBy, createdDate, updatedBy, updatedDate, activeStatus, txnAccessCode FROM ast_Brand_M WHERE (brandcode = ?)
	bind => [F0EE0D48-EB8F-4EBE-83FA-33CE8DB08B96]
[EL Fine]: sql: 2016-01-07 10:55:45.174--ClientSession(1682216449)--Connection(294681952)--Thread(Thread[Test worker,5,main])--UPDATE ast_Brand_M SET branddesc = ?, updatedBy = ?, versionId = ? WHERE ((brandcode = ?) AND (versionId = ?))
	bind => [ooubVQSlVwPvjTGeK5grdwFHA3oLoHJsVBl8zldL52zXVIZVFc, AAAAA, 2, F0EE0D48-EB8F-4EBE-83FA-33CE8DB08B96, 1]
[EL Config]: connection: 2016-01-07 10:55:45.338--ServerSession(2102101653)--Connection(294681952)--Thread(Thread[Test worker,5,main])--disconnect
In around repository aspect
[EL Fine]: sql: 2016-01-07 10:55:45.351--ClientSession(948518971)--Connection(1205544159)--Thread(Thread[Test worker,5,main])--SELECT brandcode, branddesc, categoryId, versionId, createdBy, createdDate, updatedBy, updatedDate, activeStatus, txnAccessCode FROM ast_Brand_M WHERE ((activeStatus = ?) AND (brandcode = ?))
	bind => [1, F0EE0D48-EB8F-4EBE-83FA-33CE8DB08B96]
[EL Config]: connection: 2016-01-07 10:55:45.352--ServerSession(2102101653)--Connection(1205544159)--Thread(Thread[Test worker,5,main])--disconnect
In around repository aspect
[EL Fine]: sql: 2016-01-07 10:55:45.359--ClientSession(484459646)--Connection(1195530893)--Thread(Thread[Test worker,5,main])--SELECT brandcode, branddesc, categoryId, versionId, createdBy, createdDate, updatedBy, updatedDate, activeStatus, txnAccessCode FROM ast_Brand_M WHERE ((activeStatus = ?) AND (categoryId = ?))
	bind => [1, 92129468-F46F-497B-9142-9322C3A84839]
[EL Config]: connection: 2016-01-07 10:55:45.36--ServerSession(2102101653)--Connection(1195530893)--Thread(Thread[Test worker,5,main])--disconnect
In around repository aspect
[EL Fine]: sql: 2016-01-07 10:55:45.367--ClientSession(935392370)--Connection(132213889)--Thread(Thread[Test worker,5,main])--SELECT brandcode, branddesc, categoryId, versionId, createdBy, createdDate, updatedBy, updatedDate, activeStatus, txnAccessCode FROM ast_Brand_M WHERE (brandcode = ?)
	bind => [F0EE0D48-EB8F-4EBE-83FA-33CE8DB08B96]
[EL Fine]: sql: 2016-01-07 10:55:45.369--ClientSession(935392370)--Connection(132213889)--Thread(Thread[Test worker,5,main])--DELETE FROM ast_Brand_M WHERE ((brandcode = ?) AND (versionId = ?))
	bind => [F0EE0D48-EB8F-4EBE-83FA-33CE8DB08B96, 2]
[EL Config]: connection: 2016-01-07 10:55:45.447--ServerSession(2102101653)--Connection(132213889)--Thread(Thread[Test worker,5,main])--disconnect
In around repository aspect
[EL Fine]: sql: 2016-01-07 10:55:45.456--ClientSession(2080030894)--Connection(321035985)--Thread(Thread[Test worker,5,main])--SELECT categoryId, category, versionId, createdBy, createdDate, updatedBy, updatedDate, activeStatus, txnAccessCode FROM ast_Category_M WHERE (categoryId = ?)
	bind => [92129468-F46F-497B-9142-9322C3A84839]
[EL Fine]: sql: 2016-01-07 10:55:45.458--ClientSession(2080030894)--Connection(321035985)--Thread(Thread[Test worker,5,main])--DELETE FROM ast_Category_M WHERE ((categoryId = ?) AND (versionId = ?))
	bind => [92129468-F46F-497B-9142-9322C3A84839, 1]
]]></system-out>
  <system-err><![CDATA[log4j:WARN No appenders could be found for logger (org.springframework.test.context.junit4.SpringJUnit4ClassRunner).
log4j:WARN Please initialize the log4j system properly.
log4j:WARN See http://logging.apache.org/log4j/1.2/faq.html#noconfig for more info.
]]></system-err>
</testsuite>
