<?xml version="1.0" encoding="UTF-8"?>
<testsuite name="com.app.server.service.UserAccessLevelTestCase" tests="4" skipped="0" failures="0" errors="0" timestamp="2016-01-07T10:55:55" hostname="4752563c5d1f" time="0.755">
  <properties/>
  <testcase name="test1Save" classname="com.app.server.service.UserAccessLevelTestCase" time="0.272"/>
  <testcase name="test2Update" classname="com.app.server.service.UserAccessLevelTestCase" time="0.249"/>
  <testcase name="test3FindById" classname="com.app.server.service.UserAccessLevelTestCase" time="0.005"/>
  <testcase name="test4Delete" classname="com.app.server.service.UserAccessLevelTestCase" time="0.228"/>
  <system-out><![CDATA[Setting logged in user info for ADD
In around repository aspect
[EL Fine]: sql: 2016-01-07 10:55:55.223--ClientSession(925206070)--Connection(321035985)--Thread(Thread[Test worker,5,main])--INSERT INTO ast_UserAccessLevel_M (userAccessLevelId, levelDescription, levelHelp, levelIcon, levelName, userAccessLevel, versionId, createdBy, createdDate, updatedBy, updatedDate, activeStatus, txnAccessCode) VALUES (?, ?, ?, ?, ?, ?, ?, ?, ?, ?, ?, ?, ?)
	bind => [0A75DC0C-467A-4B50-801F-C7591EBDB4FE, i0OjhQbrAIiNNd91Qh5lNoX28fgs8MVSM6U26IFnYH3enIN45d, 2SZSQ0jFQ0HnL8fVaLE7EWlFcTp4fACLW6JBRabfV47smqGu4r, 9hykODdjSvI6oYcRVD12GnsfOdRlWokYhu6Uw4YYN80IVU9MJw, Od8mC3RGvWPLn21VqzkEsyyZGqn5zOi7teXtjseh0lX8jROpt3, 89337, 1, AAAAA, 2016-01-07 16:25:55.196, null, 2016-01-07 16:25:55.196, 1, null]
In around repository aspect
[EL Fine]: sql: 2016-01-07 10:55:55.462--ClientSession(1311133054)--Connection(321035985)--Thread(Thread[Test worker,5,main])--SELECT userAccessLevelId, levelDescription, levelHelp, levelIcon, levelName, userAccessLevel, versionId, createdBy, createdDate, updatedBy, updatedDate, activeStatus, txnAccessCode FROM ast_UserAccessLevel_M WHERE ((activeStatus = ?) AND (userAccessLevelId = ?))
	bind => [1, 0A75DC0C-467A-4B50-801F-C7591EBDB4FE]
Setting logged in user info for UPDATE
In around repository aspect
[EL Fine]: sql: 2016-01-07 10:55:55.465--ClientSession(1777604846)--Connection(321035985)--Thread(Thread[Test worker,5,main])--SELECT userAccessLevelId, levelDescription, levelHelp, levelIcon, levelName, userAccessLevel, versionId, createdBy, createdDate, updatedBy, updatedDate, activeStatus, txnAccessCode FROM ast_UserAccessLevel_M WHERE (userAccessLevelId = ?)
	bind => [0A75DC0C-467A-4B50-801F-C7591EBDB4FE]
[EL Fine]: sql: 2016-01-07 10:55:55.467--ClientSession(1777604846)--Connection(321035985)--Thread(Thread[Test worker,5,main])--UPDATE ast_UserAccessLevel_M SET levelDescription = ?, levelHelp = ?, levelIcon = ?, levelName = ?, userAccessLevel = ?, updatedBy = ?, versionId = ? WHERE ((userAccessLevelId = ?) AND (versionId = ?))
	bind => [rwpH3WKplhXbHLksjI3Wd6n5RoQlqLi1pdT9DGuQYDfuAqGOo8, e1dIz5WD57vRz0wz1qk9zhUgs68WGT3aooL6EGI8dj4D19whHD, 5apApNoDHDy5NvylxMDz8Egbb3TvKU4QyDHlIOsDPHGNMrTCjJ, 0570vpnc5X8KHf9KOr4Rmg5POkIeq9cKFpp8W00OVDP8nkbJAV, 66378, AAAAA, 2, 0A75DC0C-467A-4B50-801F-C7591EBDB4FE, 1]
In around repository aspect
[EL Fine]: sql: 2016-01-07 10:55:55.71--ClientSession(709694757)--Connection(321035985)--Thread(Thread[Test worker,5,main])--SELECT userAccessLevelId, levelDescription, levelHelp, levelIcon, levelName, userAccessLevel, versionId, createdBy, createdDate, updatedBy, updatedDate, activeStatus, txnAccessCode FROM ast_UserAccessLevel_M WHERE ((activeStatus = ?) AND (userAccessLevelId = ?))
	bind => [1, 0A75DC0C-467A-4B50-801F-C7591EBDB4FE]
In around repository aspect
[EL Fine]: sql: 2016-01-07 10:55:55.715--ClientSession(825999841)--Connection(321035985)--Thread(Thread[Test worker,5,main])--SELECT userAccessLevelId, levelDescription, levelHelp, levelIcon, levelName, userAccessLevel, versionId, createdBy, createdDate, updatedBy, updatedDate, activeStatus, txnAccessCode FROM ast_UserAccessLevel_M WHERE (userAccessLevelId = ?)
	bind => [0A75DC0C-467A-4B50-801F-C7591EBDB4FE]
[EL Fine]: sql: 2016-01-07 10:55:55.716--ClientSession(825999841)--Connection(321035985)--Thread(Thread[Test worker,5,main])--DELETE FROM ast_UserAccessLevel_M WHERE ((userAccessLevelId = ?) AND (versionId = ?))
	bind => [0A75DC0C-467A-4B50-801F-C7591EBDB4FE, 2]
]]></system-out>
  <system-err><![CDATA[]]></system-err>
</testsuite>
