<?xml version="1.0" encoding="UTF-8"?>
<testsuite name="com.app.server.service.DistributorTestCase" tests="5" skipped="0" failures="0" errors="0" timestamp="2016-01-07T10:56:17" hostname="4752563c5d1f" time="0.664">
  <properties/>
  <testcase name="test1Save" classname="com.app.server.service.DistributorTestCase" time="0.339"/>
  <testcase name="test2Update" classname="com.app.server.service.DistributorTestCase" time="0.075"/>
  <testcase name="test3FindById" classname="com.app.server.service.DistributorTestCase" time="0.008"/>
  <testcase name="test3findByregioncode" classname="com.app.server.service.DistributorTestCase" time="0.008"/>
  <testcase name="test4Delete" classname="com.app.server.service.DistributorTestCase" time="0.233"/>
  <system-out><![CDATA[In around repository aspect
[EL Fine]: sql: 2016-01-07 10:56:17.024--ClientSession(1164238317)--Connection(321035985)--Thread(Thread[Test worker,5,main])--INSERT INTO ast_SalesRegion_M (regioncode, regionname, versionId, createdBy, createdDate, updatedBy, updatedDate, activeStatus, txnAccessCode) VALUES (?, ?, ?, ?, ?, ?, ?, ?, ?)
	bind => [C59F475E-4A42-44F2-9A60-45F862932A75, acqjZWdP0FFa5X8UiUCKWWHaKD7EIyFWrL2szSu363s0fLLkjb, 1, AAAAA, 2016-01-07 16:26:17.021, null, 2016-01-07 16:26:17.021, 1, null]
Setting logged in user info for ADD
In around repository aspect
[EL Fine]: sql: 2016-01-07 10:56:17.284--ClientSession(802461296)--Connection(321035985)--Thread(Thread[Test worker,5,main])--INSERT INTO ast_Distributor_M (distributorcode, distributorname, lattitude, longitude, regioncode, versionId, createdBy, createdDate, updatedBy, updatedDate, activeStatus, txnAccessCode) VALUES (?, ?, ?, ?, ?, ?, ?, ?, ?, ?, ?, ?)
	bind => [679E2787-F4BD-4CC1-A50C-3EB122103D1C, jrWNXg7ux2HyXJmNdUObXyt6ZvIlpBbGjNRolAv3ZafX3JvHVq, 12.34, 12.34, C59F475E-4A42-44F2-9A60-45F862932A75, 1, AAAAA, 2016-01-07 16:26:17.272, null, 2016-01-07 16:26:17.272, 1, null]
In around repository aspect
[EL Fine]: sql: 2016-01-07 10:56:17.353--ClientSession(1039052872)--Connection(321035985)--Thread(Thread[Test worker,5,main])--SELECT distributorcode, distributorname, lattitude, longitude, regioncode, versionId, createdBy, createdDate, updatedBy, updatedDate, activeStatus, txnAccessCode FROM ast_Distributor_M WHERE ((activeStatus = ?) AND (distributorcode = ?))
	bind => [1, 679E2787-F4BD-4CC1-A50C-3EB122103D1C]
Setting logged in user info for UPDATE
In around repository aspect
[EL Fine]: sql: 2016-01-07 10:56:17.356--ClientSession(2072996209)--Connection(321035985)--Thread(Thread[Test worker,5,main])--SELECT distributorcode, distributorname, lattitude, longitude, regioncode, versionId, createdBy, createdDate, updatedBy, updatedDate, activeStatus, txnAccessCode FROM ast_Distributor_M WHERE (distributorcode = ?)
	bind => [679E2787-F4BD-4CC1-A50C-3EB122103D1C]
[EL Fine]: sql: 2016-01-07 10:56:17.357--ClientSession(2072996209)--Connection(321035985)--Thread(Thread[Test worker,5,main])--UPDATE ast_Distributor_M SET distributorname = ?, updatedBy = ?, versionId = ? WHERE ((distributorcode = ?) AND (versionId = ?))
	bind => [MzsW4YCOvwssmceyDRLdexSrUGSaSY1pEIurZSFxZyLtLE175L, AAAAA, 2, 679E2787-F4BD-4CC1-A50C-3EB122103D1C, 1]
In around repository aspect
[EL Fine]: sql: 2016-01-07 10:56:17.428--ClientSession(1482534803)--Connection(321035985)--Thread(Thread[Test worker,5,main])--SELECT distributorcode, distributorname, lattitude, longitude, regioncode, versionId, createdBy, createdDate, updatedBy, updatedDate, activeStatus, txnAccessCode FROM ast_Distributor_M WHERE ((activeStatus = ?) AND (distributorcode = ?))
	bind => [1, 679E2787-F4BD-4CC1-A50C-3EB122103D1C]
In around repository aspect
[EL Fine]: sql: 2016-01-07 10:56:17.436--ClientSession(406627290)--Connection(321035985)--Thread(Thread[Test worker,5,main])--SELECT distributorcode, distributorname, lattitude, longitude, regioncode, versionId, createdBy, createdDate, updatedBy, updatedDate, activeStatus, txnAccessCode FROM ast_Distributor_M WHERE ((activeStatus = ?) AND (regioncode = ?))
	bind => [1, C59F475E-4A42-44F2-9A60-45F862932A75]
In around repository aspect
[EL Fine]: sql: 2016-01-07 10:56:17.443--ClientSession(1668861757)--Connection(321035985)--Thread(Thread[Test worker,5,main])--SELECT distributorcode, distributorname, lattitude, longitude, regioncode, versionId, createdBy, createdDate, updatedBy, updatedDate, activeStatus, txnAccessCode FROM ast_Distributor_M WHERE (distributorcode = ?)
	bind => [679E2787-F4BD-4CC1-A50C-3EB122103D1C]
[EL Fine]: sql: 2016-01-07 10:56:17.445--ClientSession(1668861757)--Connection(321035985)--Thread(Thread[Test worker,5,main])--DELETE FROM ast_Distributor_M WHERE ((distributorcode = ?) AND (versionId = ?))
	bind => [679E2787-F4BD-4CC1-A50C-3EB122103D1C, 2]
In around repository aspect
[EL Fine]: sql: 2016-01-07 10:56:17.577--ClientSession(253526563)--Connection(321035985)--Thread(Thread[Test worker,5,main])--SELECT regioncode, regionname, versionId, createdBy, createdDate, updatedBy, updatedDate, activeStatus, txnAccessCode FROM ast_SalesRegion_M WHERE (regioncode = ?)
	bind => [C59F475E-4A42-44F2-9A60-45F862932A75]
[EL Fine]: sql: 2016-01-07 10:56:17.579--ClientSession(253526563)--Connection(321035985)--Thread(Thread[Test worker,5,main])--DELETE FROM ast_SalesRegion_M WHERE ((regioncode = ?) AND (versionId = ?))
	bind => [C59F475E-4A42-44F2-9A60-45F862932A75, 1]
]]></system-out>
  <system-err><![CDATA[]]></system-err>
</testsuite>
