<?xml version="1.0" encoding="UTF-8"?>
<testsuite name="com.app.server.service.GenderTestCase" tests="4" skipped="0" failures="0" errors="0" timestamp="2016-01-07T10:55:52" hostname="4752563c5d1f" time="0.299">
  <properties/>
  <testcase name="test1Save" classname="com.app.server.service.GenderTestCase" time="0.082"/>
  <testcase name="test2Update" classname="com.app.server.service.GenderTestCase" time="0.124"/>
  <testcase name="test3FindById" classname="com.app.server.service.GenderTestCase" time="0.006"/>
  <testcase name="test4Delete" classname="com.app.server.service.GenderTestCase" time="0.085"/>
  <system-out><![CDATA[Setting logged in user info for ADD
In around repository aspect
[EL Fine]: sql: 2016-01-07 10:55:52.746--ClientSession(273050841)--Connection(321035985)--Thread(Thread[Test worker,5,main])--INSERT INTO ast_Gender_M (genderId, gender, versionId, createdBy, createdDate, updatedBy, updatedDate, activeStatus, txnAccessCode) VALUES (?, ?, ?, ?, ?, ?, ?, ?, ?)
	bind => [C51919B4-8446-4EA9-A29B-6EC2574C0D09, 7SCOAVyvAcCsNERNZHBVvJJbTudXpKqYWYsZllBeto2XggGgCs, 1, AAAAA, 2016-01-07 16:25:52.741, null, 2016-01-07 16:25:52.741, 1, null]
In around repository aspect
[EL Fine]: sql: 2016-01-07 10:55:52.82--ClientSession(470574677)--Connection(321035985)--Thread(Thread[Test worker,5,main])--SELECT genderId, gender, versionId, createdBy, createdDate, updatedBy, updatedDate, activeStatus, txnAccessCode FROM ast_Gender_M WHERE ((activeStatus = ?) AND (genderId = ?))
	bind => [1, C51919B4-8446-4EA9-A29B-6EC2574C0D09]
Setting logged in user info for UPDATE
In around repository aspect
[EL Fine]: sql: 2016-01-07 10:55:52.823--ClientSession(1291817864)--Connection(321035985)--Thread(Thread[Test worker,5,main])--SELECT genderId, gender, versionId, createdBy, createdDate, updatedBy, updatedDate, activeStatus, txnAccessCode FROM ast_Gender_M WHERE (genderId = ?)
	bind => [C51919B4-8446-4EA9-A29B-6EC2574C0D09]
[EL Fine]: sql: 2016-01-07 10:55:52.824--ClientSession(1291817864)--Connection(321035985)--Thread(Thread[Test worker,5,main])--UPDATE ast_Gender_M SET gender = ?, updatedBy = ?, versionId = ? WHERE ((genderId = ?) AND (versionId = ?))
	bind => [AO9ZNfW58ONfpW0XH5jRNdIG3oqLxWPLoYo69pUu39euP6reZq, AAAAA, 2, C51919B4-8446-4EA9-A29B-6EC2574C0D09, 1]
In around repository aspect
[EL Fine]: sql: 2016-01-07 10:55:52.944--ClientSession(675634308)--Connection(321035985)--Thread(Thread[Test worker,5,main])--SELECT genderId, gender, versionId, createdBy, createdDate, updatedBy, updatedDate, activeStatus, txnAccessCode FROM ast_Gender_M WHERE ((activeStatus = ?) AND (genderId = ?))
	bind => [1, C51919B4-8446-4EA9-A29B-6EC2574C0D09]
In around repository aspect
[EL Fine]: sql: 2016-01-07 10:55:52.951--ClientSession(1272617224)--Connection(321035985)--Thread(Thread[Test worker,5,main])--SELECT genderId, gender, versionId, createdBy, createdDate, updatedBy, updatedDate, activeStatus, txnAccessCode FROM ast_Gender_M WHERE (genderId = ?)
	bind => [C51919B4-8446-4EA9-A29B-6EC2574C0D09]
[EL Fine]: sql: 2016-01-07 10:55:52.952--ClientSession(1272617224)--Connection(321035985)--Thread(Thread[Test worker,5,main])--DELETE FROM ast_Gender_M WHERE ((genderId = ?) AND (versionId = ?))
	bind => [C51919B4-8446-4EA9-A29B-6EC2574C0D09, 2]
]]></system-out>
  <system-err><![CDATA[]]></system-err>
</testsuite>
